#
# There is insufficient memory for the Java Runtime Environment to continue.
# Native memory allocation (malloc) failed to allocate 777616 bytes for Chunk::new
# Possible reasons:
#   The system is out of physical RAM or swap space
#   In 32 bit mode, the process size limit was hit
# Possible solutions:
#   Reduce memory load on the system
#   Increase physical memory or swap space
#   Check if swap backing store is full
#   Use 64 bit Java on a 64 bit OS
#   Decrease Java heap size (-Xmx/-Xms)
#   Decrease number of Java threads
#   Decrease Java thread stack sizes (-Xss)
#   Set larger code cache with -XX:ReservedCodeCacheSize=
# This output file may be truncated or incomplete.
#
#  Out of Memory Error (allocation.cpp:390), pid=7756, tid=8056
#
# JRE version: Java(TM) SE Runtime Environment (8.0_73-b02) (build 1.8.0_73-b02)
# Java VM: Java HotSpot(TM) 64-Bit Server VM (25.73-b02 mixed mode windows-amd64 compressed oops)
# Failed to write core dump. Minidumps are not enabled by default on client versions of Windows
#

---------------  T H R E A D  ---------------

Current thread (0x0000000015167800):  JavaThread "C2 CompilerThread1" daemon [_thread_in_native, id=8056, stack(0x0000000016850000,0x0000000016950000)]

Stack: [0x0000000016850000,0x0000000016950000]
[error occurred during error reporting (printing stack bounds), id 0xc0000005]

Native frames: (J=compiled Java code, j=interpreted, Vv=VM code, C=native code)


Current CompileTask:
C2:   9526 2297       4       com.android.dx.ssa.LocalVariableExtractor::processBlock (383 bytes)


---------------  P R O C E S S  ---------------

Java Threads: ( => current thread )
  0x000000001712a000 JavaThread "pool-1-thread-4" [_thread_blocked, id=8148, stack(0x0000000017c50000,0x0000000017d50000)]
  0x0000000017129000 JavaThread "pool-1-thread-3" [_thread_in_Java, id=8144, stack(0x0000000017b50000,0x0000000017c50000)]
  0x0000000016ca0000 JavaThread "pool-1-thread-2" [_thread_blocked, id=8140, stack(0x0000000017a50000,0x0000000017b50000)]
  0x0000000016cbd800 JavaThread "pool-2-thread-1" [_thread_blocked, id=8136, stack(0x0000000017950000,0x0000000017a50000)]
  0x00000000170fe000 JavaThread "pool-1-thread-1" [_thread_blocked, id=8132, stack(0x0000000017850000,0x0000000017950000)]
  0x000000001516d800 JavaThread "Service Thread" daemon [_thread_blocked, id=8092, stack(0x0000000016e50000,0x0000000016f50000)]
  0x000000001516a800 JavaThread "C1 CompilerThread2" daemon [_thread_blocked, id=8076, stack(0x0000000016950000,0x0000000016a50000)]
=>0x0000000015167800 JavaThread "C2 CompilerThread1" daemon [_thread_in_native, id=8056, stack(0x0000000016850000,0x0000000016950000)]
  0x000000001510a800 JavaThread "C2 CompilerThread0" daemon [_thread_in_native, id=8052, stack(0x0000000016750000,0x0000000016850000)]
  0x0000000015108800 JavaThread "Attach Listener" daemon [_thread_blocked, id=8048, stack(0x0000000016650000,0x0000000016750000)]
  0x0000000015107800 JavaThread "Signal Dispatcher" daemon [_thread_blocked, id=8044, stack(0x0000000016550000,0x0000000016650000)]
  0x0000000002a31000 JavaThread "Finalizer" daemon [_thread_blocked, id=8040, stack(0x0000000016370000,0x0000000016470000)]
  0x0000000002a2e000 JavaThread "Reference Handler" daemon [_thread_blocked, id=8036, stack(0x0000000016270000,0x0000000016370000)]
  0x000000000107e000 JavaThread "main" [_thread_in_Java, id=7920, stack(0x0000000002840000,0x0000000002940000)]

Other Threads:
  0x00000000150d7000 VMThread [stack: 0x0000000016170000,0x0000000016270000] [id=8028]
  0x0000000016a59000 WatcherThread [stack: 0x0000000016f50000,0x0000000017050000] [id=8108]

VM state:not at safepoint (normal execution)

VM Mutex/Monitor currently owned by a thread: None

Heap:
 PSYoungGen      total 294400K, used 64511K [0x00000000eab00000, 0x0000000100000000, 0x0000000100000000)
  eden space 252416K, 12% used [0x00000000eab00000,0x00000000ec8ad750,0x00000000fa180000)
  from space 41984K, 81% used [0x00000000fa180000,0x00000000fc2d2838,0x00000000fca80000)
  to   space 54784K, 0% used [0x00000000fca80000,0x00000000fca80000,0x0000000100000000)
 ParOldGen       total 176128K, used 87289K [0x00000000c0000000, 0x00000000cac00000, 0x00000000eab00000)
  object space 176128K, 49% used [0x00000000c0000000,0x00000000c553e5b0,0x00000000cac00000)
 Metaspace       used 6564K, capacity 7256K, committed 7424K, reserved 1056768K
  class space    used 621K, capacity 656K, committed 768K, reserved 1048576K

Card table byte_map: [0x0000000011e00000,0x0000000012010000] byte_map_base: 0x0000000011800000

Marking Bits: (ParMarkBitMap*) 0x0000000053e50600
 Begin Bits: [0x0000000012570000, 0x0000000013570000)
 End Bits:   [0x0000000013570000, 0x0000000014570000)

Polling page: 0x0000000001030000

CodeCache: size=245760Kb used=10642Kb max_used=10642Kb free=235117Kb
 bounds [0x0000000002a40000, 0x00000000034b0000, 0x0000000011a40000]
 total_blobs=2471 nmethods=2201 adapters=182
 compilation: enabled

Compilation events (10 events):
Event: 9.478 Thread 0x000000001516a800 2310       2       com.android.dx.rop.cst.CstFloat::getType (4 bytes)
Event: 9.478 Thread 0x000000001516a800 nmethod 2310 0x000000000348ecd0 code [0x000000000348ee20, 0x000000000348ef70]
Event: 9.479 Thread 0x000000001516a800 2311 %     3       com.android.dx.rop.type.StdTypeList::getWordCount @ 9 (33 bytes)
Event: 9.480 Thread 0x000000001516a800 nmethod 2311% 0x00000000034341d0 code [0x0000000003434380, 0x0000000003434a38]
Event: 9.480 Thread 0x000000001516a800 2312       3       com.android.dx.rop.type.StdTypeList::getWordCount (33 bytes)
Event: 9.480 Thread 0x000000001516a800 nmethod 2312 0x0000000003433790 code [0x0000000003433920, 0x0000000003433f78]
Event: 9.490 Thread 0x000000001516a800 2313       2       com.android.dx.dex.code.RopTranslator::outputBlock (202 bytes)
Event: 9.491 Thread 0x000000001516a800 nmethod 2313 0x00000000034a6a10 code [0x00000000034a6cc0, 0x00000000034a7728]
Event: 9.492 Thread 0x000000001516a800 2314 %     3       com.android.dx.cf.code.LocalVariableList::mergeDescriptorsAndSignatures @ 17 (80 bytes)
Event: 9.493 Thread 0x000000001516a800 nmethod 2314% 0x00000000034a8ad0 code [0x00000000034a8d60, 0x00000000034aa0d8]

GC Heap History (10 events):
Event: 1.967 GC heap before
{Heap before GC invocations=6 (full 0):
 PSYoungGen      total 71680K, used 71671K [0x00000000eab00000, 0x00000000f5000000, 0x0000000100000000)
  eden space 66560K, 100% used [0x00000000eab00000,0x00000000eec00000,0x00000000eec00000)
  from space 5120K, 99% used [0x00000000eec00000,0x00000000ef0fde68,0x00000000ef100000)
  to   space 17920K, 0% used [0x00000000f3e80000,0x00000000f3e80000,0x00000000f5000000)
 ParOldGen       total 87552K, used 23834K [0x00000000c0000000, 0x00000000c5580000, 0x00000000eab00000)
  object space 87552K, 27% used [0x00000000c0000000,0x00000000c1746a80,0x00000000c5580000)
 Metaspace       used 6524K, capacity 7256K, committed 7424K, reserved 1056768K
  class space    used 620K, capacity 656K, committed 768K, reserved 1048576K
Event: 1.988 GC heap after
Heap after GC invocations=6 (full 0):
 PSYoungGen      total 148992K, used 15767K [0x00000000eab00000, 0x00000000f5400000, 0x0000000100000000)
  eden space 131072K, 0% used [0x00000000eab00000,0x00000000eab00000,0x00000000f2b00000)
  from space 17920K, 87% used [0x00000000f3e80000,0x00000000f4de5e18,0x00000000f5000000)
  to   space 19968K, 0% used [0x00000000f2b00000,0x00000000f2b00000,0x00000000f3e80000)
 ParOldGen       total 87552K, used 23834K [0x00000000c0000000, 0x00000000c5580000, 0x00000000eab00000)
  object space 87552K, 27% used [0x00000000c0000000,0x00000000c1746a80,0x00000000c5580000)
 Metaspace       used 6524K, capacity 7256K, committed 7424K, reserved 1056768K
  class space    used 620K, capacity 656K, committed 768K, reserved 1048576K
}
Event: 2.592 GC heap before
{Heap before GC invocations=7 (full 0):
 PSYoungGen      total 148992K, used 146839K [0x00000000eab00000, 0x00000000f5400000, 0x0000000100000000)
  eden space 131072K, 100% used [0x00000000eab00000,0x00000000f2b00000,0x00000000f2b00000)
  from space 17920K, 87% used [0x00000000f3e80000,0x00000000f4de5e18,0x00000000f5000000)
  to   space 19968K, 0% used [0x00000000f2b00000,0x00000000f2b00000,0x00000000f3e80000)
 ParOldGen       total 87552K, used 23834K [0x00000000c0000000, 0x00000000c5580000, 0x00000000eab00000)
  object space 87552K, 27% used [0x00000000c0000000,0x00000000c1746a80,0x00000000c5580000)
 Metaspace       used 6534K, capacity 7256K, committed 7424K, reserved 1056768K
  class space    used 620K, capacity 656K, committed 768K, reserved 1048576K
Event: 2.637 GC heap after
Heap after GC invocations=7 (full 0):
 PSYoungGen      total 151040K, used 19965K [0x00000000eab00000, 0x00000000fea00000, 0x0000000100000000)
  eden space 131072K, 0% used [0x00000000eab00000,0x00000000eab00000,0x00000000f2b00000)
  from space 19968K, 99% used [0x00000000f2b00000,0x00000000f3e7f5f8,0x00000000f3e80000)
  to   space 32256K, 0% used [0x00000000fca80000,0x00000000fca80000,0x00000000fea00000)
 ParOldGen       total 87552K, used 41509K [0x00000000c0000000, 0x00000000c5580000, 0x00000000eab00000)
  object space 87552K, 47% used [0x00000000c0000000,0x00000000c2889548,0x00000000c5580000)
 Metaspace       used 6534K, capacity 7256K, committed 7424K, reserved 1056768K
  class space    used 620K, capacity 656K, committed 768K, reserved 1048576K
}
Event: 3.164 GC heap before
{Heap before GC invocations=8 (full 0):
 PSYoungGen      total 151040K, used 151037K [0x00000000eab00000, 0x00000000fea00000, 0x0000000100000000)
  eden space 131072K, 100% used [0x00000000eab00000,0x00000000f2b00000,0x00000000f2b00000)
  from space 19968K, 99% used [0x00000000f2b00000,0x00000000f3e7f5f8,0x00000000f3e80000)
  to   space 32256K, 0% used [0x00000000fca80000,0x00000000fca80000,0x00000000fea00000)
 ParOldGen       total 87552K, used 41509K [0x00000000c0000000, 0x00000000c5580000, 0x00000000eab00000)
  object space 87552K, 47% used [0x00000000c0000000,0x00000000c2889548,0x00000000c5580000)
 Metaspace       used 6536K, capacity 7256K, committed 7424K, reserved 1056768K
  class space    used 620K, capacity 656K, committed 768K, reserved 1048576K
Event: 3.238 GC heap after
Heap after GC invocations=8 (full 0):
 PSYoungGen      total 284672K, used 32234K [0x00000000eab00000, 0x00000000ffd00000, 0x0000000100000000)
  eden space 252416K, 0% used [0x00000000eab00000,0x00000000eab00000,0x00000000fa180000)
  from space 32256K, 99% used [0x00000000fca80000,0x00000000fe9fa830,0x00000000fea00000)
  to   space 41984K, 0% used [0x00000000fa180000,0x00000000fa180000,0x00000000fca80000)
 ParOldGen       total 87552K, used 51217K [0x00000000c0000000, 0x00000000c5580000, 0x00000000eab00000)
  object space 87552K, 58% used [0x00000000c0000000,0x00000000c3204680,0x00000000c5580000)
 Metaspace       used 6536K, capacity 7256K, committed 7424K, reserved 1056768K
  class space    used 620K, capacity 656K, committed 768K, reserved 1048576K
}
Event: 5.564 GC heap before
{Heap before GC invocations=9 (full 0):
 PSYoungGen      total 284672K, used 284650K [0x00000000eab00000, 0x00000000ffd00000, 0x0000000100000000)
  eden space 252416K, 100% used [0x00000000eab00000,0x00000000fa180000,0x00000000fa180000)
  from space 32256K, 99% used [0x00000000fca80000,0x00000000fe9fa830,0x00000000fea00000)
  to   space 41984K, 0% used [0x00000000fa180000,0x00000000fa180000,0x00000000fca80000)
 ParOldGen       total 87552K, used 51217K [0x00000000c0000000, 0x00000000c5580000, 0x00000000eab00000)
  object space 87552K, 58% used [0x00000000c0000000,0x00000000c3204680,0x00000000c5580000)
 Metaspace       used 6561K, capacity 7256K, committed 7424K, reserved 1056768K
  class space    used 621K, capacity 656K, committed 768K, reserved 1048576K
Event: 5.656 GC heap after
Heap after GC invocations=9 (full 0):
 PSYoungGen      total 294400K, used 41956K [0x00000000eab00000, 0x0000000100000000, 0x0000000100000000)
  eden space 252416K, 0% used [0x00000000eab00000,0x00000000eab00000,0x00000000fa180000)
  from space 41984K, 99% used [0x00000000fa180000,0x00000000fca79328,0x00000000fca80000)
  to   space 54784K, 0% used [0x00000000fca80000,0x00000000fca80000,0x0000000100000000)
 ParOldGen       total 87552K, used 83964K [0x00000000c0000000, 0x00000000c5580000, 0x00000000eab00000)
  object space 87552K, 95% used [0x00000000c0000000,0x00000000c51ff260,0x00000000c5580000)
 Metaspace       used 6561K, capacity 7256K, committed 7424K, reserved 1056768K
  class space    used 621K, capacity 656K, committed 768K, reserved 1048576K
}
Event: 5.657 GC heap before
{Heap before GC invocations=10 (full 1):
 PSYoungGen      total 294400K, used 41956K [0x00000000eab00000, 0x0000000100000000, 0x0000000100000000)
  eden space 252416K, 0% used [0x00000000eab00000,0x00000000eab00000,0x00000000fa180000)
  from space 41984K, 99% used [0x00000000fa180000,0x00000000fca79328,0x00000000fca80000)
  to   space 54784K, 0% used [0x00000000fca80000,0x00000000fca80000,0x0000000100000000)
 ParOldGen       total 87552K, used 83964K [0x00000000c0000000, 0x00000000c5580000, 0x00000000eab00000)
  object space 87552K, 95% used [0x00000000c0000000,0x00000000c51ff260,0x00000000c5580000)
 Metaspace       used 6561K, capacity 7256K, committed 7424K, reserved 1056768K
  class space    used 621K, capacity 656K, committed 768K, reserved 1048576K
Event: 9.437 GC heap after
Heap after GC invocations=10 (full 1):
 PSYoungGen      total 294400K, used 34122K [0x00000000eab00000, 0x0000000100000000, 0x0000000100000000)
  eden space 252416K, 0% used [0x00000000eab00000,0x00000000eab00000,0x00000000fa180000)
  from space 41984K, 81% used [0x00000000fa180000,0x00000000fc2d2838,0x00000000fca80000)
  to   space 54784K, 0% used [0x00000000fca80000,0x00000000fca80000,0x0000000100000000)
 ParOldGen       total 176128K, used 87289K [0x00000000c0000000, 0x00000000cac00000, 0x00000000eab00000)
  object space 176128K, 49% used [0x00000000c0000000,0x00000000c553e5b0,0x00000000cac00000)
 Metaspace       used 6561K, capacity 7256K, committed 7424K, reserved 1056768K
  class space    used 621K, capacity 656K, committed 768K, reserved 1048576K
}

Deoptimization events (10 events):
Event: 5.190 Thread 0x000000000107e000 Uncommon trap: reason=unstable_if action=reinterpret pc=0x00000000033af630 method=com.android.dx.cf.code.Ropper.isSynchronized()Z @ 12
Event: 5.192 Thread 0x000000000107e000 Uncommon trap: reason=unstable_if action=reinterpret pc=0x0000000002fd6c0c method=com.android.dx.ssa.MoveParamCombiner$1.visitNonMoveInsn(Lcom/android/dx/ssa/NormalSsaInsn;)V @ 27
Event: 5.225 Thread 0x0000000016ca0000 Uncommon trap: reason=unstable_if action=reinterpret pc=0x00000000033991b0 method=com.android.dx.dex.code.OutputFinisher.hasLocalInfo(Lcom/android/dx/dex/code/DalvInsn;)Z @ 24
Event: 5.231 Thread 0x00000000170fe000 Uncommon trap: reason=class_check action=maybe_recompile pc=0x00000000031f1354 method=com.android.dx.cf.code.OneLocalsArray.set(ILcom/android/dx/rop/type/TypeBearer;)V @ 85
Event: 5.243 Thread 0x00000000170fe000 Uncommon trap: reason=unstable_if action=reinterpret pc=0x00000000030f7284 method=com.android.dx.ssa.LiteralOpUpgrader$1.visitNonMoveInsn(Lcom/android/dx/ssa/NormalSsaInsn;)V @ 55
Event: 5.243 Thread 0x00000000170fe000 Uncommon trap: reason=unstable_if action=reinterpret pc=0x0000000002dbe2dc method=com.android.dx.ssa.SsaMethod.updateOneDefinition(Lcom/android/dx/ssa/SsaInsn;Lcom/android/dx/rop/code/RegisterSpec;)V @ 4
Event: 5.347 Thread 0x000000001712a000 Uncommon trap: reason=unstable_if action=reinterpret pc=0x0000000002d5a498 method=com.android.dx.rop.code.RegisterSpec.equals(ILcom/android/dx/rop/type/TypeBearer;Lcom/android/dx/rop/code/LocalItem;)Z @ 31
Event: 5.353 Thread 0x00000000170fe000 Uncommon trap: reason=bimorphic action=maybe_recompile pc=0x0000000003439458 method=com.android.dx.cf.code.BytecodeArray.parseInstruction(ILcom/android/dx/cf/code/BytecodeArray$Visitor;)I @ 1327
Event: 5.353 Thread 0x00000000170fe000 Uncommon trap: reason=bimorphic action=maybe_recompile pc=0x0000000003439458 method=com.android.dx.cf.code.BytecodeArray.parseInstruction(ILcom/android/dx/cf/code/BytecodeArray$Visitor;)I @ 1327
Event: 9.477 Thread 0x000000000107e000 Uncommon trap: reason=class_check action=maybe_recompile pc=0x00000000031f1354 method=com.android.dx.cf.code.OneLocalsArray.set(ILcom/android/dx/rop/type/TypeBearer;)V @ 85

Internal exceptions (10 events):
Event: 0.071 Thread 0x000000000107e000 Exception <a 'java/lang/NoSuchMethodError': Method sun.misc.Unsafe.defineClass(Ljava/lang/String;[BII)Ljava/lang/Class; name or signature does not match> (0x00000000eab0d188) thrown at [D:\re\puppet\workspace\8-2-build-windows-amd64-cygwin\jdk8u73\6086\hotƒU¬òC²?
Event: 0.071 Thread 0x000000000107e000 Exception <a 'java/lang/NoSuchMethodError': Method sun.misc.Unsafe.prefetchRead(Ljava/lang/Object;J)V name or signature does not match> (0x00000000eab0d470) thrown at [D:\re\puppet\workspace\8-2-build-windows-amd64-cygwin\jdk8u73\6086\hotspot\src\share\vm\¦…åü’’÷?
Event: 1.473 Thread 0x000000001712a000 Exception <a 'java/lang/ArrayIndexOutOfBoundsException': 18> (0x00000000eb517920) thrown at [D:\re\puppet\workspace\8-2-build-windows-amd64-cygwin\jdk8u73\6086\hotspot\src\share\vm\interpreter\interpreterRuntime.cpp, line 366]
Event: 1.474 Thread 0x000000001712a000 Exception <a 'java/lang/ArrayIndexOutOfBoundsException'> (0x00000000eb5194a0) thrown at [D:\re\puppet\workspace\8-2-build-windows-amd64-cygwin\jdk8u73\6086\hotspot\src\share\vm\runtime\sharedRuntime.cpp, line 605]
Event: 1.475 Thread 0x000000001712a000 Exception <a 'java/lang/ArrayIndexOutOfBoundsException'> (0x00000000eb51a788) thrown at [D:\re\puppet\workspace\8-2-build-windows-amd64-cygwin\jdk8u73\6086\hotspot\src\share\vm\runtime\sharedRuntime.cpp, line 605]
Event: 2.162 Thread 0x000000000107e000 Implicit null exception at 0x000000000305aa0e to 0x000000000305c435
Event: 3.595 Thread 0x0000000016ca0000 Implicit null exception at 0x00000000032982d8 to 0x000000000329d0fd
Event: 3.595 Thread 0x0000000016ca0000 Implicit null exception at 0x00000000032e4253 to 0x00000000032e4f6d
Event: 3.596 Thread 0x0000000016ca0000 Implicit null exception at 0x0000000003241160 to 0x0000000003244de9
Event: 5.347 Thread 0x000000001712a000 Implicit null exception at 0x0000000002d59fef to 0x0000000002d5a469

Events (10 events):
Event: 5.525 Thread 0x0000000017129000 DEOPT UNPACKING pc=0x0000000002a8787f sp=0x0000000017c4e368 mode 0
Event: 5.559 Executing VM operation: ParallelGCFailedAllocation
Event: 9.437 Executing VM operation: ParallelGCFailedAllocation done
Event: 9.477 Thread 0x000000000107e000 Uncommon trap: trap_request=0xffffffde fr.pc=0x00000000031f1354
Event: 9.477 Thread 0x000000000107e000 DEOPT PACKING pc=0x00000000031f1354 sp=0x000000000293dcb0
Event: 9.477 Thread 0x000000000107e000 DEOPT UNPACKING pc=0x0000000002a8582a sp=0x000000000293dbd8 mode 2
Event: 9.480 Thread 0x000000001712a000 DEOPT PACKING pc=0x00000000031a326f sp=0x0000000017d4ea00
Event: 9.480 Thread 0x000000001712a000 DEOPT UNPACKING pc=0x0000000002a8787f sp=0x0000000017d4e740 mode 0
Event: 9.490 Thread 0x0000000016ca0000 DEOPT PACKING pc=0x000000000341f8cf sp=0x0000000017b4eae0
Event: 9.490 Thread 0x0000000016ca0000 DEOPT UNPACKING pc=0x0000000002a8787f sp=0x0000000017b4e880 mode 0


Dynamic libraries:
0x00007ff797cf0000 - 0x00007ff797d27000 	D:\jdk1.8.0_73\bin\java.exe
0x00007ffe61a50000 - 0x00007ffe61c11000 	C:\Windows\SYSTEM32\ntdll.dll
0x00007ffe5f6b0000 - 0x00007ffe5f75d000 	C:\Windows\system32\KERNEL32.DLL
0x00007ffe5ebb0000 - 0x00007ffe5ed98000 	C:\Windows\system32\KERNELBASE.dll
0x00007ffe61050000 - 0x00007ffe610f7000 	C:\Windows\system32\ADVAPI32.dll
0x00007ffe61100000 - 0x00007ffe6119d000 	C:\Windows\system32\msvcrt.dll
0x00007ffe61380000 - 0x00007ffe613db000 	C:\Windows\system32\sechost.dll
0x00007ffe615d0000 - 0x00007ffe616ec000 	C:\Windows\system32\RPCRT4.dll
0x00007ffe616f0000 - 0x00007ffe61846000 	C:\Windows\system32\USER32.dll
0x00007ffe5ef20000 - 0x00007ffe5f0a6000 	C:\Windows\system32\GDI32.dll
0x00007ffe542a0000 - 0x00007ffe54514000 	C:\Windows\WinSxS\amd64_microsoft.windows.common-controls_6595b64144ccf1df_6.0.10586.589_none_a2ddb3caa539acce\COMCTL32.dll
0x00007ffe5f800000 - 0x00007ffe5fa7d000 	C:\Windows\system32\combase.dll
0x00007ffe5e100000 - 0x00007ffe5e16a000 	C:\Windows\system32\bcryptPrimitives.dll
0x00007ffe61590000 - 0x00007ffe615cb000 	C:\Windows\system32\IMM32.DLL
0x00000000530c0000 - 0x0000000053192000 	D:\jdk1.8.0_73\jre\bin\msvcr100.dll
0x0000000053640000 - 0x0000000053ed0000 	D:\jdk1.8.0_73\jre\bin\server\jvm.dll
0x00007ffe5ef10000 - 0x00007ffe5ef18000 	C:\Windows\system32\PSAPI.DLL
0x00007ffe51090000 - 0x00007ffe51099000 	C:\Windows\SYSTEM32\WSOCK32.dll
0x00007ffe5fa80000 - 0x00007ffe5faeb000 	C:\Windows\system32\WS2_32.dll
0x00007ffe5c2f0000 - 0x00007ffe5c313000 	C:\Windows\SYSTEM32\WINMM.dll
0x00007ffe5a9b0000 - 0x00007ffe5a9ba000 	C:\Windows\SYSTEM32\VERSION.dll
0x00007ffe5c290000 - 0x00007ffe5c2bc000 	C:\Windows\SYSTEM32\WINMMBASE.dll
0x00007ffe5eb00000 - 0x00007ffe5eb43000 	C:\Windows\system32\cfgmgr32.dll
0x0000000053550000 - 0x000000005355f000 	D:\jdk1.8.0_73\jre\bin\verify.dll
0x0000000053520000 - 0x0000000053549000 	D:\jdk1.8.0_73\jre\bin\java.dll
0x0000000053500000 - 0x0000000053516000 	D:\jdk1.8.0_73\jre\bin\zip.dll
0x00007ffe5faf0000 - 0x00007ffe6104c000 	C:\Windows\system32\SHELL32.dll
0x00007ffe5e200000 - 0x00007ffe5e845000 	C:\Windows\system32\windows.storage.dll
0x00007ffe5f0b0000 - 0x00007ffe5f102000 	C:\Windows\system32\shlwapi.dll
0x00007ffe5e0e0000 - 0x00007ffe5e0ef000 	C:\Windows\system32\kernel.appcore.dll
0x00007ffe5e850000 - 0x00007ffe5e905000 	C:\Windows\system32\shcore.dll
0x00007ffe5e090000 - 0x00007ffe5e0db000 	C:\Windows\system32\powrprof.dll
0x00007ffe5e070000 - 0x00007ffe5e084000 	C:\Windows\system32\profapi.dll

VM Arguments:
jvm_args: -Dfile.encoding=UTF8 -Djava.awt.headless=true -Xmx1024M -Dfile.encoding=UTF-8 -Duser.country=HR -Duser.language=hr -Duser.variant 
java_command: com.android.dx.command.Main --dex --num-threads=4 --output C:\Users\Mihovil\Desktop\recENT\mob_app\recENT\app\build\intermediates\pre-dexed\debug\guava-20.0_723a884c2609b5513f949834d1b2e34580099b3d.jar C:\Users\Mihovil\.gradle\caches\modules-2\files-2.1\com.google.guava\guava\20.0\89507701249388e1ed5ddcf8c41f4ce1be7831ef\guava-20.0.jar
java_class_path (initial): D:\Android\sdk\build-tools\24.0.0\lib\dx.jar
Launcher Type: SUN_STANDARD

Environment Variables:
JAVA_HOME=D:\jdk1.8.0_73
JRE_HOME=D:\jre1.8.0_73
JAVA_TOOL_OPTIONS=-Dfile.encoding=UTF8
PATH=C:\Windows\system32;C:\Windows;C:\Windows\System32\Wbem;C:\Windows\System32\WindowsPowerShell\v1.0\;C:\Program Files (x86)\ATI Technologies\ATI.ACE\Core-Static;D:\Git\cmd;C:\Program Files (x86)\Skype\Phone\;D:\wamp64\bin\php\php7.0.0;C:\ProgramData\ComposerSetup\bin;C:\Users\Mihovil\AppData\Roaming\Composer\vendor\bin
USERNAME=Mihovil
OS=Windows_NT
PROCESSOR_IDENTIFIER=Intel64 Family 6 Model 60 Stepping 3, GenuineIntel



---------------  S Y S T E M  ---------------

OS: Windows 10.0 , 64 bit Build 10586 (10.0.10586.589)

CPU:total 4 (4 cores per cpu, 1 threads per core) family 6 model 60 stepping 3, cmov, cx8, fxsr, mmx, sse, sse2, sse3, ssse3, sse4.1, sse4.2, popcnt, avx, avx2, aes, clmul, erms, lzcnt, tsc, tscinvbit, bmi1, bmi2

Memory: 4k page, physical 8325352k(1532152k free), swap 8325352k(5132k free)

vm_info: Java HotSpot(TM) 64-Bit Server VM (25.73-b02) for windows-amd64 JRE (1.8.0_73-b02), built on Jan 29 2016 17:38:49 by "java_re" with MS VC++ 10.0 (VS2010)

time: Sat Oct 29 17:59:02 2016
elapsed time: 9 seconds (0d 0h 0m 9s)

