#
# There is insufficient memory for the Java Runtime Environment to continue.
# Native memory allocation (malloc) failed to allocate 396656 bytes for Chunk::new
# Possible reasons:
#   The system is out of physical RAM or swap space
#   In 32 bit mode, the process size limit was hit
# Possible solutions:
#   Reduce memory load on the system
#   Increase physical memory or swap space
#   Check if swap backing store is full
#   Use 64 bit Java on a 64 bit OS
#   Decrease Java heap size (-Xmx/-Xms)
#   Decrease number of Java threads
#   Decrease Java thread stack sizes (-Xss)
#   Set larger code cache with -XX:ReservedCodeCacheSize=
# This output file may be truncated or incomplete.
#
#  Out of Memory Error (allocation.cpp:390), pid=6644, tid=8336
#
# JRE version: Java(TM) SE Runtime Environment (8.0_73-b02) (build 1.8.0_73-b02)
# Java VM: Java HotSpot(TM) 64-Bit Server VM (25.73-b02 mixed mode windows-amd64 compressed oops)
# Failed to write core dump. Minidumps are not enabled by default on client versions of Windows
#

---------------  T H R E A D  ---------------

Current thread (0x0000000014e28800):  JavaThread "C2 CompilerThread1" daemon [_thread_in_native, id=8336, stack(0x0000000016420000,0x0000000016520000)]

Stack: [0x0000000016420000,0x0000000016520000]
[error occurred during error reporting (printing stack bounds), id 0xc0000005]

Native frames: (J=compiled Java code, j=interpreted, Vv=VM code, C=native code)


Current CompileTask:
C2:   3541 2103   !   4       com.android.dx.cf.code.BytecodeArray::parseInstruction (2764 bytes)


---------------  P R O C E S S  ---------------

Java Threads: ( => current thread )
  0x0000000016906000 JavaThread "pool-1-thread-4" [_thread_in_Java, id=9064, stack(0x0000000017820000,0x0000000017920000)]
  0x0000000016905800 JavaThread "pool-1-thread-3" [_thread_in_Java, id=5568, stack(0x0000000017720000,0x0000000017820000)]
  0x0000000016904800 JavaThread "pool-1-thread-2" [_thread_in_Java, id=88, stack(0x0000000017620000,0x0000000017720000)]
  0x0000000016928000 JavaThread "pool-2-thread-1" [_thread_blocked, id=2524, stack(0x0000000017520000,0x0000000017620000)]
  0x00000000168ca000 JavaThread "pool-1-thread-1" [_thread_in_Java, id=4584, stack(0x0000000017420000,0x0000000017520000)]
  0x0000000016620800 JavaThread "Service Thread" daemon [_thread_blocked, id=9864, stack(0x0000000016a20000,0x0000000016b20000)]
  0x0000000014e2b000 JavaThread "C1 CompilerThread2" daemon [_thread_blocked, id=7508, stack(0x0000000016520000,0x0000000016620000)]
=>0x0000000014e28800 JavaThread "C2 CompilerThread1" daemon [_thread_in_native, id=8336, stack(0x0000000016420000,0x0000000016520000)]
  0x0000000014dc9000 JavaThread "C2 CompilerThread0" daemon [_thread_in_native, id=7660, stack(0x0000000016320000,0x0000000016420000)]
  0x0000000014dc7800 JavaThread "Attach Listener" daemon [_thread_blocked, id=10148, stack(0x0000000016220000,0x0000000016320000)]
  0x0000000014ddc800 JavaThread "Signal Dispatcher" daemon [_thread_blocked, id=10476, stack(0x0000000016120000,0x0000000016220000)]
  0x00000000026f1000 JavaThread "Finalizer" daemon [_thread_blocked, id=9808, stack(0x0000000016020000,0x0000000016120000)]
  0x00000000026ee000 JavaThread "Reference Handler" daemon [_thread_blocked, id=5976, stack(0x0000000015f20000,0x0000000016020000)]
  0x00000000024fe000 JavaThread "main" [_thread_in_Java, id=9192, stack(0x0000000002500000,0x0000000002600000)]

Other Threads:
  0x0000000014d97000 VMThread [stack: 0x0000000015e20000,0x0000000015f20000] [id=11232]
  0x0000000016627800 WatcherThread [stack: 0x0000000016b20000,0x0000000016c20000] [id=11028]

VM state:not at safepoint (normal execution)

VM Mutex/Monitor currently owned by a thread: None

Heap:
 PSYoungGen      total 71680K, used 57041K [0x00000000eab00000, 0x00000000ef600000, 0x0000000100000000)
  eden space 66560K, 78% used [0x00000000eab00000,0x00000000eddbc5c0,0x00000000eec00000)
  from space 5120K, 99% used [0x00000000eec00000,0x00000000ef0f8010,0x00000000ef100000)
  to   space 5120K, 0% used [0x00000000ef100000,0x00000000ef100000,0x00000000ef600000)
 ParOldGen       total 87552K, used 47435K [0x00000000c0000000, 0x00000000c5580000, 0x00000000eab00000)
  object space 87552K, 54% used [0x00000000c0000000,0x00000000c2e52f58,0x00000000c5580000)
 Metaspace       used 6538K, capacity 7256K, committed 7424K, reserved 1056768K
  class space    used 621K, capacity 656K, committed 768K, reserved 1048576K

Card table byte_map: [0x0000000011ac0000,0x0000000011cd0000] byte_map_base: 0x00000000114c0000

Marking Bits: (ParMarkBitMap*) 0x0000000053e50600
 Begin Bits: [0x0000000012230000, 0x0000000013230000)
 End Bits:   [0x0000000013230000, 0x0000000014230000)

Polling page: 0x0000000000ab0000

CodeCache: size=245760Kb used=7786Kb max_used=7800Kb free=237973Kb
 bounds [0x0000000002700000, 0x0000000002eb0000, 0x0000000011700000]
 total_blobs=2316 nmethods=2046 adapters=182
 compilation: enabled

Compilation events (10 events):
Event: 3.348 Thread 0x0000000014e2b000 2117       2       java.util.HashMap$TreeNode::find (172 bytes)
Event: 3.349 Thread 0x0000000014e2b000 nmethod 2117 0x0000000002e86f90 code [0x0000000002e87140, 0x0000000002e87578]
Event: 3.367 Thread 0x0000000014e2b000 2118 %     3       com.android.dx.ssa.back.SsaToRop::moveParametersToHighRegisters @ 34 (88 bytes)
Event: 3.368 Thread 0x0000000014e2b000 nmethod 2118% 0x0000000002e852d0 code [0x0000000002e854a0, 0x0000000002e85e78]
Event: 3.368 Thread 0x0000000014e2b000 2119       3       com.android.dx.ssa.back.SsaToRop::moveParametersToHighRegisters (88 bytes)
Event: 3.369 Thread 0x0000000014e2b000 nmethod 2119 0x0000000002e844d0 code [0x0000000002e846a0, 0x0000000002e84f78]
Event: 3.403 Thread 0x0000000014e2b000 2122       2       com.android.dx.dex.code.BlockAddresses::getStart (7 bytes)
Event: 3.403 Thread 0x0000000014e2b000 nmethod 2122 0x0000000002e84110 code [0x0000000002e84260, 0x0000000002e843d0]
Event: 3.406 Thread 0x0000000014e2b000 2123       2       com.android.dx.rop.code.Rops::opPutStatic (97 bytes)
Event: 3.406 Thread 0x0000000014e2b000 nmethod 2123 0x0000000002e836d0 code [0x0000000002e838a0, 0x0000000002e83e18]

GC Heap History (10 events):
Event: 1.440 GC heap before
{Heap before GC invocations=3 (full 0):
 PSYoungGen      total 38400K, used 38399K [0x00000000eab00000, 0x00000000ef600000, 0x0000000100000000)
  eden space 33280K, 100% used [0x00000000eab00000,0x00000000ecb80000,0x00000000ecb80000)
  from space 5120K, 99% used [0x00000000ed080000,0x00000000ed57fc58,0x00000000ed580000)
  to   space 5120K, 0% used [0x00000000ecb80000,0x00000000ecb80000,0x00000000ed080000)
 ParOldGen       total 87552K, used 4458K [0x00000000c0000000, 0x00000000c5580000, 0x00000000eab00000)
  object space 87552K, 5% used [0x00000000c0000000,0x00000000c045a8e8,0x00000000c5580000)
 Metaspace       used 6165K, capacity 7088K, committed 7296K, reserved 1056768K
  class space    used 601K, capacity 616K, committed 640K, reserved 1048576K
Event: 1.452 GC heap after
Heap after GC invocations=3 (full 0):
 PSYoungGen      total 38400K, used 5092K [0x00000000eab00000, 0x00000000ef600000, 0x0000000100000000)
  eden space 33280K, 0% used [0x00000000eab00000,0x00000000eab00000,0x00000000ecb80000)
  from space 5120K, 99% used [0x00000000ecb80000,0x00000000ed0790a0,0x00000000ed080000)
  to   space 5120K, 0% used [0x00000000ef100000,0x00000000ef100000,0x00000000ef600000)
 ParOldGen       total 87552K, used 10322K [0x00000000c0000000, 0x00000000c5580000, 0x00000000eab00000)
  object space 87552K, 11% used [0x00000000c0000000,0x00000000c0a14900,0x00000000c5580000)
 Metaspace       used 6165K, capacity 7088K, committed 7296K, reserved 1056768K
  class space    used 601K, capacity 616K, committed 640K, reserved 1048576K
}
Event: 1.555 GC heap before
{Heap before GC invocations=4 (full 0):
 PSYoungGen      total 38400K, used 38372K [0x00000000eab00000, 0x00000000ef600000, 0x0000000100000000)
  eden space 33280K, 100% used [0x00000000eab00000,0x00000000ecb80000,0x00000000ecb80000)
  from space 5120K, 99% used [0x00000000ecb80000,0x00000000ed0790a0,0x00000000ed080000)
  to   space 5120K, 0% used [0x00000000ef100000,0x00000000ef100000,0x00000000ef600000)
 ParOldGen       total 87552K, used 10322K [0x00000000c0000000, 0x00000000c5580000, 0x00000000eab00000)
  object space 87552K, 11% used [0x00000000c0000000,0x00000000c0a14900,0x00000000c5580000)
 Metaspace       used 6256K, capacity 7152K, committed 7296K, reserved 1056768K
  class space    used 601K, capacity 616K, committed 640K, reserved 1048576K
Event: 1.568 GC heap after
Heap after GC invocations=4 (full 0):
 PSYoungGen      total 71680K, used 5092K [0x00000000eab00000, 0x00000000ef600000, 0x0000000100000000)
  eden space 66560K, 0% used [0x00000000eab00000,0x00000000eab00000,0x00000000eec00000)
  from space 5120K, 99% used [0x00000000ef100000,0x00000000ef5f90a0,0x00000000ef600000)
  to   space 5120K, 0% used [0x00000000eec00000,0x00000000eec00000,0x00000000ef100000)
 ParOldGen       total 87552K, used 16046K [0x00000000c0000000, 0x00000000c5580000, 0x00000000eab00000)
  object space 87552K, 18% used [0x00000000c0000000,0x00000000c0fabb48,0x00000000c5580000)
 Metaspace       used 6256K, capacity 7152K, committed 7296K, reserved 1056768K
  class space    used 601K, capacity 616K, committed 640K, reserved 1048576K
}
Event: 1.892 GC heap before
{Heap before GC invocations=5 (full 0):
 PSYoungGen      total 71680K, used 71652K [0x00000000eab00000, 0x00000000ef600000, 0x0000000100000000)
  eden space 66560K, 100% used [0x00000000eab00000,0x00000000eec00000,0x00000000eec00000)
  from space 5120K, 99% used [0x00000000ef100000,0x00000000ef5f90a0,0x00000000ef600000)
  to   space 5120K, 0% used [0x00000000eec00000,0x00000000eec00000,0x00000000ef100000)
 ParOldGen       total 87552K, used 16046K [0x00000000c0000000, 0x00000000c5580000, 0x00000000eab00000)
  object space 87552K, 18% used [0x00000000c0000000,0x00000000c0fabb48,0x00000000c5580000)
 Metaspace       used 6373K, capacity 7216K, committed 7296K, reserved 1056768K
  class space    used 601K, capacity 616K, committed 640K, reserved 1048576K
Event: 1.990 GC heap after
Heap after GC invocations=5 (full 0):
 PSYoungGen      total 71680K, used 5092K [0x00000000eab00000, 0x00000000ef600000, 0x0000000100000000)
  eden space 66560K, 0% used [0x00000000eab00000,0x00000000eab00000,0x00000000eec00000)
  from space 5120K, 99% used [0x00000000eec00000,0x00000000ef0f90a0,0x00000000ef100000)
  to   space 5120K, 0% used [0x00000000ef100000,0x00000000ef100000,0x00000000ef600000)
 ParOldGen       total 87552K, used 26201K [0x00000000c0000000, 0x00000000c5580000, 0x00000000eab00000)
  object space 87552K, 29% used [0x00000000c0000000,0x00000000c19964d0,0x00000000c5580000)
 Metaspace       used 6373K, capacity 7216K, committed 7296K, reserved 1056768K
  class space    used 601K, capacity 616K, committed 640K, reserved 1048576K
}
Event: 2.322 GC heap before
{Heap before GC invocations=6 (full 0):
 PSYoungGen      total 71680K, used 71652K [0x00000000eab00000, 0x00000000ef600000, 0x0000000100000000)
  eden space 66560K, 100% used [0x00000000eab00000,0x00000000eec00000,0x00000000eec00000)
  from space 5120K, 99% used [0x00000000eec00000,0x00000000ef0f90a0,0x00000000ef100000)
  to   space 5120K, 0% used [0x00000000ef100000,0x00000000ef100000,0x00000000ef600000)
 ParOldGen       total 87552K, used 26201K [0x00000000c0000000, 0x00000000c5580000, 0x00000000eab00000)
  object space 87552K, 29% used [0x00000000c0000000,0x00000000c19964d0,0x00000000c5580000)
 Metaspace       used 6411K, capacity 7216K, committed 7296K, reserved 1056768K
  class space    used 601K, capacity 616K, committed 640K, reserved 1048576K
Event: 2.345 GC heap after
Heap after GC invocations=6 (full 0):
 PSYoungGen      total 71680K, used 5092K [0x00000000eab00000, 0x00000000ef600000, 0x0000000100000000)
  eden space 66560K, 0% used [0x00000000eab00000,0x00000000eab00000,0x00000000eec00000)
  from space 5120K, 99% used [0x00000000ef100000,0x00000000ef5f91f8,0x00000000ef600000)
  to   space 5120K, 0% used [0x00000000eec00000,0x00000000eec00000,0x00000000ef100000)
 ParOldGen       total 87552K, used 36933K [0x00000000c0000000, 0x00000000c5580000, 0x00000000eab00000)
  object space 87552K, 42% used [0x00000000c0000000,0x00000000c2411658,0x00000000c5580000)
 Metaspace       used 6411K, capacity 7216K, committed 7296K, reserved 1056768K
  class space    used 601K, capacity 616K, committed 640K, reserved 1048576K
}
Event: 2.812 GC heap before
{Heap before GC invocations=7 (full 0):
 PSYoungGen      total 71680K, used 71652K [0x00000000eab00000, 0x00000000ef600000, 0x0000000100000000)
  eden space 66560K, 100% used [0x00000000eab00000,0x00000000eec00000,0x00000000eec00000)
  from space 5120K, 99% used [0x00000000ef100000,0x00000000ef5f91f8,0x00000000ef600000)
  to   space 5120K, 0% used [0x00000000eec00000,0x00000000eec00000,0x00000000ef100000)
 ParOldGen       total 87552K, used 36933K [0x00000000c0000000, 0x00000000c5580000, 0x00000000eab00000)
  object space 87552K, 42% used [0x00000000c0000000,0x00000000c2411658,0x00000000c5580000)
 Metaspace       used 6533K, capacity 7256K, committed 7424K, reserved 1056768K
  class space    used 621K, capacity 656K, committed 768K, reserved 1048576K
Event: 3.205 GC heap after
Heap after GC invocations=7 (full 0):
 PSYoungGen      total 71680K, used 5088K [0x00000000eab00000, 0x00000000ef600000, 0x0000000100000000)
  eden space 66560K, 0% used [0x00000000eab00000,0x00000000eab00000,0x00000000eec00000)
  from space 5120K, 99% used [0x00000000eec00000,0x00000000ef0f8010,0x00000000ef100000)
  to   space 5120K, 0% used [0x00000000ef100000,0x00000000ef100000,0x00000000ef600000)
 ParOldGen       total 87552K, used 47435K [0x00000000c0000000, 0x00000000c5580000, 0x00000000eab00000)
  object space 87552K, 54% used [0x00000000c0000000,0x00000000c2e52f58,0x00000000c5580000)
 Metaspace       used 6533K, capacity 7256K, committed 7424K, reserved 1056768K
  class space    used 621K, capacity 656K, committed 768K, reserved 1048576K
}

Deoptimization events (10 events):
Event: 2.380 Thread 0x0000000016905800 Uncommon trap: reason=unstable_if action=reinterpret pc=0x00000000029ee078 method=java.util.HashMap.putVal(ILjava/lang/Object;Ljava/lang/Object;ZZ)Ljava/lang/Object; @ 162
Event: 2.383 Thread 0x0000000016905800 Uncommon trap: reason=unstable_if action=reinterpret pc=0x0000000002c44664 method=java.util.HashMap.getNode(ILjava/lang/Object;)Ljava/util/HashMap$Node; @ 84
Event: 2.402 Thread 0x00000000024fe000 Uncommon trap: reason=bimorphic action=maybe_recompile pc=0x0000000002dd818c method=com.android.dx.cf.code.BytecodeArray.parseInstruction(ILcom/android/dx/cf/code/BytecodeArray$Visitor;)I @ 1357
Event: 2.402 Thread 0x00000000024fe000 Uncommon trap: reason=bimorphic action=maybe_recompile pc=0x0000000002dd818c method=com.android.dx.cf.code.BytecodeArray.parseInstruction(ILcom/android/dx/cf/code/BytecodeArray$Visitor;)I @ 1357
Event: 2.635 Thread 0x0000000016906000 Uncommon trap: reason=bimorphic action=maybe_recompile pc=0x0000000002d89d1c method=com.android.dx.ssa.LiteralOpUpgrader.tryReplacingWithConstant(Lcom/android/dx/ssa/NormalSsaInsn;)Z @ 62
Event: 2.637 Thread 0x0000000016906000 Uncommon trap: reason=bimorphic action=maybe_recompile pc=0x0000000002d89d1c method=com.android.dx.ssa.LiteralOpUpgrader.tryReplacingWithConstant(Lcom/android/dx/ssa/NormalSsaInsn;)Z @ 62
Event: 2.660 Thread 0x00000000168ca000 Uncommon trap: reason=unstable_if action=reinterpret pc=0x0000000002d4b414 method=com.android.dx.ssa.MoveParamCombiner$1.visitNonMoveInsn(Lcom/android/dx/ssa/NormalSsaInsn;)V @ 27
Event: 3.223 Thread 0x0000000016906000 Uncommon trap: reason=unstable_if action=reinterpret pc=0x0000000002dc8104 method=java.util.HashMap.putVal(ILjava/lang/Object;Ljava/lang/Object;ZZ)Ljava/lang/Object; @ 109
Event: 3.225 Thread 0x0000000016906000 Uncommon trap: reason=bimorphic action=maybe_recompile pc=0x0000000002e8fe6c method=com.android.dx.cf.code.BytecodeArray.parseInstruction(ILcom/android/dx/cf/code/BytecodeArray$Visitor;)I @ 971
Event: 3.225 Thread 0x0000000016906000 Uncommon trap: reason=bimorphic action=maybe_recompile pc=0x0000000002e8fe6c method=com.android.dx.cf.code.BytecodeArray.parseInstruction(ILcom/android/dx/cf/code/BytecodeArray$Visitor;)I @ 971

Internal exceptions (6 events):
Event: 0.266 Thread 0x00000000024fe000 Exception <a 'java/lang/NoSuchMethodError': Method sun.misc.Unsafe.defineClass(Ljava/lang/String;[BII)Ljava/lang/Class; name or signature does not match> (0x00000000eab0d340) thrown at [D:\re\puppet\workspace\8-2-build-windows-amd64-cygwin\jdk8u73\6086\hotÆîqùÑ?
Event: 0.266 Thread 0x00000000024fe000 Exception <a 'java/lang/NoSuchMethodError': Method sun.misc.Unsafe.prefetchRead(Ljava/lang/Object;J)V name or signature does not match> (0x00000000eab0d628) thrown at [D:\re\puppet\workspace\8-2-build-windows-amd64-cygwin\jdk8u73\6086\hotspot\src\share\vm\ß	Ò—zz@
Event: 2.185 Thread 0x0000000016905800 Implicit null exception at 0x0000000002d473eb to 0x0000000002d489cd
Event: 2.382 Thread 0x0000000016905800 Exception <a 'java/lang/ArrayIndexOutOfBoundsException': 18> (0x00000000ebacda50) thrown at [D:\re\puppet\workspace\8-2-build-windows-amd64-cygwin\jdk8u73\6086\hotspot\src\share\vm\interpreter\interpreterRuntime.cpp, line 366]
Event: 2.382 Thread 0x0000000016905800 Exception <a 'java/lang/ArrayIndexOutOfBoundsException': 145> (0x00000000ebacf5d0) thrown at [D:\re\puppet\workspace\8-2-build-windows-amd64-cygwin\jdk8u73\6086\hotspot\src\share\vm\interpreter\interpreterRuntime.cpp, line 366]
Event: 2.383 Thread 0x0000000016905800 Exception <a 'java/lang/ArrayIndexOutOfBoundsException'> (0x00000000ebad08b8) thrown at [D:\re\puppet\workspace\8-2-build-windows-amd64-cygwin\jdk8u73\6086\hotspot\src\share\vm\runtime\sharedRuntime.cpp, line 605]

Events (10 events):
Event: 3.225 Thread 0x0000000016906000 Uncommon trap: trap_request=0xffffffc6 fr.pc=0x0000000002e8fe6c
Event: 3.225 Thread 0x0000000016906000 DEOPT PACKING pc=0x0000000002e8fe6c sp=0x000000001791e7b0
Event: 3.225 Thread 0x0000000016906000 DEOPT UNPACKING pc=0x000000000274582a sp=0x000000001791e798 mode 2
Event: 3.225 Thread 0x0000000016906000 Uncommon trap: trap_request=0xffffffc6 fr.pc=0x0000000002e8fe6c
Event: 3.225 Thread 0x0000000016906000 DEOPT PACKING pc=0x0000000002e8fe6c sp=0x000000001791e5d0
Event: 3.225 Thread 0x0000000016906000 DEOPT UNPACKING pc=0x000000000274582a sp=0x000000001791e5b8 mode 2
Event: 3.343 Thread 0x0000000016906000 DEOPT PACKING pc=0x0000000002c701c2 sp=0x000000001791e760
Event: 3.343 Thread 0x0000000016906000 DEOPT UNPACKING pc=0x000000000274787f sp=0x000000001791e490 mode 0
Event: 3.369 Thread 0x0000000016906000 DEOPT PACKING pc=0x0000000002c54168 sp=0x000000001791ead0
Event: 3.369 Thread 0x0000000016906000 DEOPT UNPACKING pc=0x000000000274787f sp=0x000000001791e848 mode 0


Dynamic libraries:
0x00007ff757bd0000 - 0x00007ff757c07000 	D:\jdk1.8.0_73\bin\java.exe
0x00007ffe61a50000 - 0x00007ffe61c11000 	C:\Windows\SYSTEM32\ntdll.dll
0x00007ffe5f6b0000 - 0x00007ffe5f75d000 	C:\Windows\system32\KERNEL32.DLL
0x00007ffe5ebb0000 - 0x00007ffe5ed98000 	C:\Windows\system32\KERNELBASE.dll
0x00007ffe61050000 - 0x00007ffe610f7000 	C:\Windows\system32\ADVAPI32.dll
0x00007ffe61100000 - 0x00007ffe6119d000 	C:\Windows\system32\msvcrt.dll
0x00007ffe61380000 - 0x00007ffe613db000 	C:\Windows\system32\sechost.dll
0x00007ffe615d0000 - 0x00007ffe616ec000 	C:\Windows\system32\RPCRT4.dll
0x00007ffe616f0000 - 0x00007ffe61846000 	C:\Windows\system32\USER32.dll
0x00007ffe5ef20000 - 0x00007ffe5f0a6000 	C:\Windows\system32\GDI32.dll
0x00007ffe542a0000 - 0x00007ffe54514000 	C:\Windows\WinSxS\amd64_microsoft.windows.common-controls_6595b64144ccf1df_6.0.10586.589_none_a2ddb3caa539acce\COMCTL32.dll
0x00007ffe5f800000 - 0x00007ffe5fa7d000 	C:\Windows\system32\combase.dll
0x00007ffe5e100000 - 0x00007ffe5e16a000 	C:\Windows\system32\bcryptPrimitives.dll
0x00007ffe61590000 - 0x00007ffe615cb000 	C:\Windows\system32\IMM32.DLL
0x00000000530c0000 - 0x0000000053192000 	D:\jdk1.8.0_73\jre\bin\msvcr100.dll
0x0000000053640000 - 0x0000000053ed0000 	D:\jdk1.8.0_73\jre\bin\server\jvm.dll
0x00007ffe5ef10000 - 0x00007ffe5ef18000 	C:\Windows\system32\PSAPI.DLL
0x00007ffe51090000 - 0x00007ffe51099000 	C:\Windows\SYSTEM32\WSOCK32.dll
0x00007ffe5fa80000 - 0x00007ffe5faeb000 	C:\Windows\system32\WS2_32.dll
0x00007ffe5c2f0000 - 0x00007ffe5c313000 	C:\Windows\SYSTEM32\WINMM.dll
0x00007ffe5a9b0000 - 0x00007ffe5a9ba000 	C:\Windows\SYSTEM32\VERSION.dll
0x00007ffe5c290000 - 0x00007ffe5c2bc000 	C:\Windows\SYSTEM32\WINMMBASE.dll
0x00007ffe5eb00000 - 0x00007ffe5eb43000 	C:\Windows\system32\cfgmgr32.dll
0x0000000053550000 - 0x000000005355f000 	D:\jdk1.8.0_73\jre\bin\verify.dll
0x0000000053520000 - 0x0000000053549000 	D:\jdk1.8.0_73\jre\bin\java.dll
0x0000000053500000 - 0x0000000053516000 	D:\jdk1.8.0_73\jre\bin\zip.dll
0x00007ffe5faf0000 - 0x00007ffe6104c000 	C:\Windows\system32\SHELL32.dll
0x00007ffe5e200000 - 0x00007ffe5e845000 	C:\Windows\system32\windows.storage.dll
0x00007ffe5f0b0000 - 0x00007ffe5f102000 	C:\Windows\system32\shlwapi.dll
0x00007ffe5e0e0000 - 0x00007ffe5e0ef000 	C:\Windows\system32\kernel.appcore.dll
0x00007ffe5e850000 - 0x00007ffe5e905000 	C:\Windows\system32\shcore.dll
0x00007ffe5e090000 - 0x00007ffe5e0db000 	C:\Windows\system32\powrprof.dll
0x00007ffe5e070000 - 0x00007ffe5e084000 	C:\Windows\system32\profapi.dll

VM Arguments:
jvm_args: -Dfile.encoding=UTF8 -Djava.awt.headless=true -Xmx1024M -Dfile.encoding=UTF-8 -Duser.country=HR -Duser.language=hr -Duser.variant 
java_command: com.android.dx.command.Main --dex --num-threads=4 --output C:\Users\Mihovil\Desktop\recENT\mob_app\recENT\app\build\intermediates\pre-dexed\debug\com.android.support-support-v4-23.4.0_fb2ce6af9e59c8e518ded05c4074fac8c88173a9.jar C:\Users\Mihovil\Desktop\recENT\mob_app\recENT\app\build\intermediates\exploded-aar\com.android.support\support-v4\23.4.0\jars\classes.jar
java_class_path (initial): D:\Android\sdk\build-tools\24.0.0\lib\dx.jar
Launcher Type: SUN_STANDARD

Environment Variables:
JAVA_HOME=D:\jdk1.8.0_73
JRE_HOME=D:\jre1.8.0_73
JAVA_TOOL_OPTIONS=-Dfile.encoding=UTF8
PATH=C:\Windows\system32;C:\Windows;C:\Windows\System32\Wbem;C:\Windows\System32\WindowsPowerShell\v1.0\;C:\Program Files (x86)\ATI Technologies\ATI.ACE\Core-Static;D:\Git\cmd;C:\Program Files (x86)\Skype\Phone\;D:\wamp64\bin\php\php7.0.0;C:\ProgramData\ComposerSetup\bin;C:\Users\Mihovil\AppData\Roaming\Composer\vendor\bin
USERNAME=Mihovil
OS=Windows_NT
PROCESSOR_IDENTIFIER=Intel64 Family 6 Model 60 Stepping 3, GenuineIntel



---------------  S Y S T E M  ---------------

OS: Windows 10.0 , 64 bit Build 10586 (10.0.10586.589)

CPU:total 4 (4 cores per cpu, 1 threads per core) family 6 model 60 stepping 3, cmov, cx8, fxsr, mmx, sse, sse2, sse3, ssse3, sse4.1, sse4.2, popcnt, avx, avx2, aes, clmul, erms, lzcnt, tsc, tscinvbit, bmi1, bmi2

Memory: 4k page, physical 8325352k(1705912k free), swap 8325352k(4420k free)

vm_info: Java HotSpot(TM) 64-Bit Server VM (25.73-b02) for windows-amd64 JRE (1.8.0_73-b02), built on Jan 29 2016 17:38:49 by "java_re" with MS VC++ 10.0 (VS2010)

time: Sun Oct 30 08:41:05 2016
elapsed time: 3 seconds (0d 0h 0m 3s)

