#
# There is insufficient memory for the Java Runtime Environment to continue.
# Native memory allocation (malloc) failed to allocate 1334496 bytes for Chunk::new
# Possible reasons:
#   The system is out of physical RAM or swap space
#   In 32 bit mode, the process size limit was hit
# Possible solutions:
#   Reduce memory load on the system
#   Increase physical memory or swap space
#   Check if swap backing store is full
#   Use 64 bit Java on a 64 bit OS
#   Decrease Java heap size (-Xmx/-Xms)
#   Decrease number of Java threads
#   Decrease Java thread stack sizes (-Xss)
#   Set larger code cache with -XX:ReservedCodeCacheSize=
# This output file may be truncated or incomplete.
#
#  Out of Memory Error (allocation.cpp:390), pid=10808, tid=10728
#
# JRE version: Java(TM) SE Runtime Environment (8.0_73-b02) (build 1.8.0_73-b02)
# Java VM: Java HotSpot(TM) 64-Bit Server VM (25.73-b02 mixed mode windows-amd64 compressed oops)
# Failed to write core dump. Minidumps are not enabled by default on client versions of Windows
#

---------------  T H R E A D  ---------------

Current thread (0x0000000014f3a800):  JavaThread "C2 CompilerThread0" daemon [_thread_in_native, id=10728, stack(0x0000000016570000,0x0000000016670000)]

Stack: [0x0000000016570000,0x0000000016670000]
[error occurred during error reporting (printing stack bounds), id 0xc0000005]

Native frames: (J=compiled Java code, j=interpreted, Vv=VM code, C=native code)


Current CompileTask:
C2:   2698 1512       4       com.android.dx.rop.code.Rops::ropFor (771 bytes)


---------------  P R O C E S S  ---------------

Java Threads: ( => current thread )
  0x0000000016b39000 JavaThread "pool-1-thread-4" [_thread_blocked, id=11020, stack(0x0000000017270000,0x0000000017370000)]
  0x0000000016b38000 JavaThread "pool-1-thread-3" [_thread_in_vm, id=7444, stack(0x0000000017170000,0x0000000017270000)]
  0x0000000016b37800 JavaThread "pool-1-thread-2" [_thread_in_Java, id=4820, stack(0x0000000017070000,0x0000000017170000)]
  0x0000000016b36800 JavaThread "pool-2-thread-1" [_thread_blocked, id=1652, stack(0x0000000016f70000,0x0000000017070000)]
  0x0000000016b34000 JavaThread "pool-1-thread-1" [_thread_blocked, id=5572, stack(0x0000000016e70000,0x0000000016f70000)]
  0x0000000016874800 JavaThread "Service Thread" daemon [_thread_blocked, id=7432, stack(0x0000000016c70000,0x0000000016d70000)]
  0x0000000014f9a800 JavaThread "C1 CompilerThread2" daemon [_thread_blocked, id=9600, stack(0x0000000016770000,0x0000000016870000)]
  0x0000000014f42000 JavaThread "C2 CompilerThread1" daemon [_thread_in_native, id=11012, stack(0x0000000016670000,0x0000000016770000)]
=>0x0000000014f3a800 JavaThread "C2 CompilerThread0" daemon [_thread_in_native, id=10728, stack(0x0000000016570000,0x0000000016670000)]
  0x0000000014f38800 JavaThread "Attach Listener" daemon [_thread_blocked, id=7276, stack(0x0000000016470000,0x0000000016570000)]
  0x0000000014f37800 JavaThread "Signal Dispatcher" daemon [_thread_blocked, id=10992, stack(0x0000000016370000,0x0000000016470000)]
  0x0000000002861000 JavaThread "Finalizer" daemon [_thread_blocked, id=7684, stack(0x0000000016190000,0x0000000016290000)]
  0x000000000285e000 JavaThread "Reference Handler" daemon [_thread_blocked, id=7092, stack(0x0000000016090000,0x0000000016190000)]
  0x000000000266e000 JavaThread "main" [_thread_in_Java, id=6204, stack(0x0000000002670000,0x0000000002770000)]

Other Threads:
  0x0000000014f07000 VMThread [stack: 0x0000000015f90000,0x0000000016090000] [id=10412]
  0x0000000016881800 WatcherThread [stack: 0x0000000016d70000,0x0000000016e70000] [id=4384]

VM state:not at safepoint (normal execution)

VM Mutex/Monitor currently owned by a thread: None

Heap:
 PSYoungGen      total 38400K, used 30991K [0x00000000eab00000, 0x00000000ef600000, 0x0000000100000000)
  eden space 33280K, 77% used [0x00000000eab00000,0x00000000ec452b80,0x00000000ecb80000)
  from space 5120K, 98% used [0x00000000ecb80000,0x00000000ed0711a8,0x00000000ed080000)
  to   space 5120K, 0% used [0x00000000ef100000,0x00000000ef100000,0x00000000ef600000)
 ParOldGen       total 87552K, used 16K [0x00000000c0000000, 0x00000000c5580000, 0x00000000eab00000)
  object space 87552K, 0% used [0x00000000c0000000,0x00000000c0004000,0x00000000c5580000)
 Metaspace       used 6156K, capacity 7024K, committed 7296K, reserved 1056768K
  class space    used 595K, capacity 616K, committed 640K, reserved 1048576K

Card table byte_map: [0x0000000011c30000,0x0000000011e40000] byte_map_base: 0x0000000011630000

Marking Bits: (ParMarkBitMap*) 0x0000000053e50600
 Begin Bits: [0x00000000123a0000, 0x00000000133a0000)
 End Bits:   [0x00000000133a0000, 0x00000000143a0000)

Polling page: 0x0000000000ae0000

CodeCache: size=245760Kb used=6295Kb max_used=6331Kb free=239464Kb
 bounds [0x0000000002870000, 0x0000000002eb0000, 0x0000000011870000]
 total_blobs=1781 nmethods=1512 adapters=182
 compilation: enabled

Compilation events (10 events):
Event: 2.377 Thread 0x0000000014f42000 nmethod 1490 0x0000000002e83790 code [0x0000000002e838e0, 0x0000000002e839d8]
Event: 2.377 Thread 0x0000000014f42000 1489       4       com.android.dx.rop.cst.StdConstantPool::set (123 bytes)
Event: 2.379 Thread 0x0000000014f42000 nmethod 1489 0x0000000002e83010 code [0x0000000002e83180, 0x0000000002e83458]
Event: 2.595 Thread 0x0000000014f3a800 nmethod 1384 0x0000000002e90fd0 code [0x0000000002e91940, 0x0000000002e9c9e0]
Event: 2.598 Thread 0x0000000014f42000 1510       4       com.android.dx.util.IntList::mutableCopy (39 bytes)
Event: 2.605 Thread 0x0000000014f42000 nmethod 1510 0x0000000002e82550 code [0x0000000002e826c0, 0x0000000002e82c78]
Event: 2.607 Thread 0x0000000014f9a800 1511       3       com.android.dx.dex.file.ClassDefItem::addVirtualMethod (9 bytes)
Event: 2.607 Thread 0x0000000014f9a800 nmethod 1511 0x0000000002e79d10 code [0x0000000002e79ec0, 0x0000000002e7a578]
Event: 2.627 Thread 0x0000000014f3a800 1512       4       com.android.dx.rop.code.Rops::ropFor (771 bytes)
Event: 2.688 Thread 0x0000000014f42000 1513       4       com.android.dx.cf.code.RopperMachine::jopToRopOpcode (1103 bytes)

GC Heap History (2 events):
Event: 1.958 GC heap before
{Heap before GC invocations=1 (full 0):
 PSYoungGen      total 38400K, used 33280K [0x00000000eab00000, 0x00000000ed580000, 0x0000000100000000)
  eden space 33280K, 100% used [0x00000000eab00000,0x00000000ecb80000,0x00000000ecb80000)
  from space 5120K, 0% used [0x00000000ed080000,0x00000000ed080000,0x00000000ed580000)
  to   space 5120K, 0% used [0x00000000ecb80000,0x00000000ecb80000,0x00000000ed080000)
 ParOldGen       total 87552K, used 0K [0x00000000c0000000, 0x00000000c5580000, 0x00000000eab00000)
  object space 87552K, 0% used [0x00000000c0000000,0x00000000c0000000,0x00000000c5580000)
 Metaspace       used 5867K, capacity 6768K, committed 7040K, reserved 1056768K
  class space    used 594K, capacity 616K, committed 640K, reserved 1048576K
Event: 2.021 GC heap after
Heap after GC invocations=1 (full 0):
 PSYoungGen      total 38400K, used 5060K [0x00000000eab00000, 0x00000000ef600000, 0x0000000100000000)
  eden space 33280K, 0% used [0x00000000eab00000,0x00000000eab00000,0x00000000ecb80000)
  from space 5120K, 98% used [0x00000000ecb80000,0x00000000ed0711a8,0x00000000ed080000)
  to   space 5120K, 0% used [0x00000000ef100000,0x00000000ef100000,0x00000000ef600000)
 ParOldGen       total 87552K, used 16K [0x00000000c0000000, 0x00000000c5580000, 0x00000000eab00000)
  object space 87552K, 0% used [0x00000000c0000000,0x00000000c0004000,0x00000000c5580000)
 Metaspace       used 5867K, capacity 6768K, committed 7040K, reserved 1056768K
  class space    used 594K, capacity 616K, committed 640K, reserved 1048576K
}

Deoptimization events (8 events):
Event: 1.274 Thread 0x0000000016b37800 Uncommon trap: reason=unstable_if action=reinterpret pc=0x0000000002a976e4 method=java.util.HashMap.getNode(ILjava/lang/Object;)Ljava/util/HashMap$Node; @ 129
Event: 1.680 Thread 0x0000000016b34000 Uncommon trap: reason=class_check action=maybe_recompile pc=0x0000000002bc8cec method=com.android.dx.ssa.NormalSsaInsn.accept(Lcom/android/dx/ssa/SsaInsn$Visitor;)V @ 9
Event: 1.680 Thread 0x0000000016b34000 Uncommon trap: reason=class_check action=maybe_recompile pc=0x0000000002b0c470 method=com.android.dx.ssa.NormalSsaInsn.accept(Lcom/android/dx/ssa/SsaInsn$Visitor;)V @ 9
Event: 1.680 Thread 0x0000000016b34000 Uncommon trap: reason=class_check action=maybe_recompile pc=0x0000000002b0c470 method=com.android.dx.ssa.NormalSsaInsn.accept(Lcom/android/dx/ssa/SsaInsn$Visitor;)V @ 9
Event: 1.681 Thread 0x0000000016b34000 Uncommon trap: reason=class_check action=maybe_recompile pc=0x0000000002bc8cec method=com.android.dx.ssa.NormalSsaInsn.accept(Lcom/android/dx/ssa/SsaInsn$Visitor;)V @ 9
Event: 1.681 Thread 0x0000000016b34000 Uncommon trap: reason=class_check action=maybe_recompile pc=0x0000000002b0c470 method=com.android.dx.ssa.NormalSsaInsn.accept(Lcom/android/dx/ssa/SsaInsn$Visitor;)V @ 9
Event: 2.068 Thread 0x0000000016b34000 Uncommon trap: reason=unstable_if action=reinterpret pc=0x0000000002ca9fe0 method=com.android.dx.ssa.SsaRenamer$BlockRenamer.addMapping(ILcom/android/dx/rop/code/RegisterSpec;)V @ 120
Event: 2.355 Thread 0x0000000016b37800 Uncommon trap: reason=class_check action=maybe_recompile pc=0x0000000002e02ca8 method=com.android.dx.cf.code.BytecodeArray.parseInstruction(ILcom/android/dx/cf/code/BytecodeArray$Visitor;)I @ 2225

Internal exceptions (2 events):
Event: 0.060 Thread 0x000000000266e000 Exception <a 'java/lang/NoSuchMethodError': Method sun.misc.Unsafe.defineClass(Ljava/lang/String;[BII)Ljava/lang/Class; name or signature does not match> (0x00000000eab0d188) thrown at [D:\re\puppet\workspace\8-2-build-windows-amd64-cygwin\jdk8u73\6086\hotVâüÇð®?
Event: 0.060 Thread 0x000000000266e000 Exception <a 'java/lang/NoSuchMethodError': Method sun.misc.Unsafe.prefetchRead(Ljava/lang/Object;J)V name or signature does not match> (0x00000000eab0d470) thrown at [D:\re\puppet\workspace\8-2-build-windows-amd64-cygwin\jdk8u73\6086\hotspot\src\share\vm\

Events (10 events):
Event: 2.068 Thread 0x0000000016b34000 Uncommon trap: trap_request=0xffffff65 fr.pc=0x0000000002ca9fe0
Event: 2.068 Thread 0x0000000016b34000 DEOPT PACKING pc=0x0000000002ca9fe0 sp=0x0000000016f6e320
Event: 2.068 Thread 0x0000000016b34000 DEOPT UNPACKING pc=0x00000000028b582a sp=0x0000000016f6e2b0 mode 2
Event: 2.220 loading class com/android/dx/dex/file/FieldAnnotationStruct
Event: 2.220 loading class com/android/dx/dex/file/FieldAnnotationStruct done
Event: 2.259 Executing VM operation: ForceSafepoint
Event: 2.259 Executing VM operation: ForceSafepoint done
Event: 2.355 Thread 0x0000000016b37800 Uncommon trap: trap_request=0xffffffde fr.pc=0x0000000002e02ca8
Event: 2.355 Thread 0x0000000016b37800 DEOPT PACKING pc=0x0000000002e02ca8 sp=0x000000001716e720
Event: 2.355 Thread 0x0000000016b37800 DEOPT UNPACKING pc=0x00000000028b582a sp=0x000000001716e678 mode 2


Dynamic libraries:
0x00007ff757bd0000 - 0x00007ff757c07000 	D:\jdk1.8.0_73\bin\java.exe
0x00007ffe61a50000 - 0x00007ffe61c11000 	C:\Windows\SYSTEM32\ntdll.dll
0x00007ffe5f6b0000 - 0x00007ffe5f75d000 	C:\Windows\system32\KERNEL32.DLL
0x00007ffe5ebb0000 - 0x00007ffe5ed98000 	C:\Windows\system32\KERNELBASE.dll
0x00007ffe61050000 - 0x00007ffe610f7000 	C:\Windows\system32\ADVAPI32.dll
0x00007ffe61100000 - 0x00007ffe6119d000 	C:\Windows\system32\msvcrt.dll
0x00007ffe61380000 - 0x00007ffe613db000 	C:\Windows\system32\sechost.dll
0x00007ffe615d0000 - 0x00007ffe616ec000 	C:\Windows\system32\RPCRT4.dll
0x00007ffe616f0000 - 0x00007ffe61846000 	C:\Windows\system32\USER32.dll
0x00007ffe5ef20000 - 0x00007ffe5f0a6000 	C:\Windows\system32\GDI32.dll
0x00007ffe542a0000 - 0x00007ffe54514000 	C:\Windows\WinSxS\amd64_microsoft.windows.common-controls_6595b64144ccf1df_6.0.10586.589_none_a2ddb3caa539acce\COMCTL32.dll
0x00007ffe5f800000 - 0x00007ffe5fa7d000 	C:\Windows\system32\combase.dll
0x00007ffe5e100000 - 0x00007ffe5e16a000 	C:\Windows\system32\bcryptPrimitives.dll
0x00007ffe61590000 - 0x00007ffe615cb000 	C:\Windows\system32\IMM32.DLL
0x00000000530c0000 - 0x0000000053192000 	D:\jdk1.8.0_73\jre\bin\msvcr100.dll
0x0000000053640000 - 0x0000000053ed0000 	D:\jdk1.8.0_73\jre\bin\server\jvm.dll
0x00007ffe5ef10000 - 0x00007ffe5ef18000 	C:\Windows\system32\PSAPI.DLL
0x00007ffe51090000 - 0x00007ffe51099000 	C:\Windows\SYSTEM32\WSOCK32.dll
0x00007ffe5fa80000 - 0x00007ffe5faeb000 	C:\Windows\system32\WS2_32.dll
0x00007ffe5c2f0000 - 0x00007ffe5c313000 	C:\Windows\SYSTEM32\WINMM.dll
0x00007ffe5a9b0000 - 0x00007ffe5a9ba000 	C:\Windows\SYSTEM32\VERSION.dll
0x00007ffe5c290000 - 0x00007ffe5c2bc000 	C:\Windows\SYSTEM32\WINMMBASE.dll
0x00007ffe5eb00000 - 0x00007ffe5eb43000 	C:\Windows\system32\cfgmgr32.dll
0x0000000053550000 - 0x000000005355f000 	D:\jdk1.8.0_73\jre\bin\verify.dll
0x0000000053520000 - 0x0000000053549000 	D:\jdk1.8.0_73\jre\bin\java.dll
0x0000000053500000 - 0x0000000053516000 	D:\jdk1.8.0_73\jre\bin\zip.dll
0x00007ffe5faf0000 - 0x00007ffe6104c000 	C:\Windows\system32\SHELL32.dll
0x00007ffe5e200000 - 0x00007ffe5e845000 	C:\Windows\system32\windows.storage.dll
0x00007ffe5f0b0000 - 0x00007ffe5f102000 	C:\Windows\system32\shlwapi.dll
0x00007ffe5e0e0000 - 0x00007ffe5e0ef000 	C:\Windows\system32\kernel.appcore.dll
0x00007ffe5e850000 - 0x00007ffe5e905000 	C:\Windows\system32\shcore.dll
0x00007ffe5e090000 - 0x00007ffe5e0db000 	C:\Windows\system32\powrprof.dll
0x00007ffe5e070000 - 0x00007ffe5e084000 	C:\Windows\system32\profapi.dll

VM Arguments:
jvm_args: -Dfile.encoding=UTF8 -Djava.awt.headless=true -Xmx1024M -Dfile.encoding=UTF-8 -Duser.country=HR -Duser.language=hr -Duser.variant 
java_command: com.android.dx.command.Main --dex --num-threads=4 --output C:\Users\Mihovil\Desktop\recENT\mob_app\recENT\app\build\intermediates\pre-dexed\debug\rxjava-1.1.6_63e701fcf15660358ee352225457b4c739e0084e.jar C:\Users\Mihovil\.gradle\caches\modules-2\files-2.1\io.reactivex\rxjava\1.1.6\2586312cd2b8a511e4c6236736f5a039fc0f2273\rxjava-1.1.6.jar
java_class_path (initial): D:\Android\sdk\build-tools\24.0.0\lib\dx.jar
Launcher Type: SUN_STANDARD

Environment Variables:
JAVA_HOME=D:\jdk1.8.0_73
JRE_HOME=D:\jre1.8.0_73
JAVA_TOOL_OPTIONS=-Dfile.encoding=UTF8
PATH=C:\Windows\system32;C:\Windows;C:\Windows\System32\Wbem;C:\Windows\System32\WindowsPowerShell\v1.0\;C:\Program Files (x86)\ATI Technologies\ATI.ACE\Core-Static;D:\Git\cmd;C:\Program Files (x86)\Skype\Phone\;D:\wamp64\bin\php\php7.0.0;C:\ProgramData\ComposerSetup\bin;C:\Users\Mihovil\AppData\Roaming\Composer\vendor\bin
USERNAME=Mihovil
OS=Windows_NT
PROCESSOR_IDENTIFIER=Intel64 Family 6 Model 60 Stepping 3, GenuineIntel



---------------  S Y S T E M  ---------------

OS: Windows 10.0 , 64 bit Build 10586 (10.0.10586.589)

CPU:total 4 (4 cores per cpu, 1 threads per core) family 6 model 60 stepping 3, cmov, cx8, fxsr, mmx, sse, sse2, sse3, ssse3, sse4.1, sse4.2, popcnt, avx, avx2, aes, clmul, erms, lzcnt, tsc, tscinvbit, bmi1, bmi2

Memory: 4k page, physical 8325352k(1707512k free), swap 8325352k(5448k free)

vm_info: Java HotSpot(TM) 64-Bit Server VM (25.73-b02) for windows-amd64 JRE (1.8.0_73-b02), built on Jan 29 2016 17:38:49 by "java_re" with MS VC++ 10.0 (VS2010)

time: Sun Oct 30 08:41:05 2016
elapsed time: 2 seconds (0d 0h 0m 2s)

