#
# There is insufficient memory for the Java Runtime Environment to continue.
# Native memory allocation (malloc) failed to allocate 82256 bytes for Chunk::new
# Possible reasons:
#   The system is out of physical RAM or swap space
#   In 32 bit mode, the process size limit was hit
# Possible solutions:
#   Reduce memory load on the system
#   Increase physical memory or swap space
#   Check if swap backing store is full
#   Use 64 bit Java on a 64 bit OS
#   Decrease Java heap size (-Xmx/-Xms)
#   Decrease number of Java threads
#   Decrease Java thread stack sizes (-Xss)
#   Set larger code cache with -XX:ReservedCodeCacheSize=
# This output file may be truncated or incomplete.
#
#  Out of Memory Error (allocation.cpp:390), pid=5452, tid=3452
#
# JRE version: Java(TM) SE Runtime Environment (8.0_73-b02) (build 1.8.0_73-b02)
# Java VM: Java HotSpot(TM) 64-Bit Server VM (25.73-b02 mixed mode windows-amd64 compressed oops)
# Failed to write core dump. Minidumps are not enabled by default on client versions of Windows
#

---------------  T H R E A D  ---------------

Current thread (0x0000000015549800):  JavaThread "C2 CompilerThread0" daemon [_thread_in_native, id=3452, stack(0x0000000016ba0000,0x0000000016ca0000)]

Stack: [0x0000000016ba0000,0x0000000016ca0000]
[error occurred during error reporting (printing stack bounds), id 0xc0000005]

Native frames: (J=compiled Java code, j=interpreted, Vv=VM code, C=native code)


Current CompileTask:
C2:   2054  711       4       com.android.dx.ssa.SsaBasicBlock::forEachInsn (37 bytes)


---------------  P R O C E S S  ---------------

Java Threads: ( => current thread )
  0x0000000017000000 JavaThread "pool-1-thread-4" [_thread_in_Java, id=4668, stack(0x00000000178a0000,0x00000000179a0000)]
  0x0000000017034800 JavaThread "pool-1-thread-3" [_thread_blocked, id=6968, stack(0x00000000177a0000,0x00000000178a0000)]
  0x0000000017033800 JavaThread "pool-1-thread-2" [_thread_in_Java, id=11052, stack(0x00000000176a0000,0x00000000177a0000)]
  0x0000000016ffd800 JavaThread "pool-2-thread-1" [_thread_blocked, id=8624, stack(0x00000000175a0000,0x00000000176a0000)]
  0x0000000016ffb000 JavaThread "pool-1-thread-1" [_thread_in_Java, id=8332, stack(0x00000000174a0000,0x00000000175a0000)]
  0x0000000016ea4800 JavaThread "Service Thread" daemon [_thread_blocked, id=10612, stack(0x00000000172a0000,0x00000000173a0000)]
  0x00000000155aa800 JavaThread "C1 CompilerThread2" daemon [_thread_blocked, id=5252, stack(0x0000000016da0000,0x0000000016ea0000)]
  0x0000000015551000 JavaThread "C2 CompilerThread1" daemon [_thread_in_native, id=9944, stack(0x0000000016ca0000,0x0000000016da0000)]
=>0x0000000015549800 JavaThread "C2 CompilerThread0" daemon [_thread_in_native, id=3452, stack(0x0000000016ba0000,0x0000000016ca0000)]
  0x0000000015547800 JavaThread "Attach Listener" daemon [_thread_blocked, id=11176, stack(0x0000000016aa0000,0x0000000016ba0000)]
  0x000000001555c800 JavaThread "Signal Dispatcher" daemon [_thread_blocked, id=2452, stack(0x00000000169a0000,0x0000000016aa0000)]
  0x0000000002e71000 JavaThread "Finalizer" daemon [_thread_blocked, id=2248, stack(0x00000000167c0000,0x00000000168c0000)]
  0x0000000002e6e000 JavaThread "Reference Handler" daemon [_thread_blocked, id=5728, stack(0x00000000166c0000,0x00000000167c0000)]
  0x0000000002c7e000 JavaThread "main" [_thread_in_Java, id=8516, stack(0x0000000002ad0000,0x0000000002bd0000)]

Other Threads:
  0x0000000015517000 VMThread [stack: 0x00000000165c0000,0x00000000166c0000] [id=8188]
  0x0000000016ea8000 WatcherThread [stack: 0x00000000173a0000,0x00000000174a0000] [id=9132]

VM state:not at safepoint (normal execution)

VM Mutex/Monitor currently owned by a thread: None

Heap:
 PSYoungGen      total 38400K, used 18662K [0x00000000eab00000, 0x00000000ed580000, 0x0000000100000000)
  eden space 33280K, 56% used [0x00000000eab00000,0x00000000ebd39868,0x00000000ecb80000)
  from space 5120K, 0% used [0x00000000ed080000,0x00000000ed080000,0x00000000ed580000)
  to   space 5120K, 0% used [0x00000000ecb80000,0x00000000ecb80000,0x00000000ed080000)
 ParOldGen       total 87552K, used 0K [0x00000000c0000000, 0x00000000c5580000, 0x00000000eab00000)
  object space 87552K, 0% used [0x00000000c0000000,0x00000000c0000000,0x00000000c5580000)
 Metaspace       used 5720K, capacity 6704K, committed 6784K, reserved 1056768K
  class space    used 591K, capacity 616K, committed 640K, reserved 1048576K

Card table byte_map: [0x0000000012240000,0x0000000012450000] byte_map_base: 0x0000000011c40000

Marking Bits: (ParMarkBitMap*) 0x0000000053e50600
 Begin Bits: [0x00000000129b0000, 0x00000000139b0000)
 End Bits:   [0x00000000139b0000, 0x00000000149b0000)

Polling page: 0x0000000002bd0000

CodeCache: size=245760Kb used=3057Kb max_used=3057Kb free=242702Kb
 bounds [0x0000000002e80000, 0x0000000003180000, 0x0000000011e80000]
 total_blobs=1031 nmethods=761 adapters=182
 compilation: disabled (not enough contiguous free space left)

Compilation events (10 events):
Event: 2.027 Thread 0x00000000155aa800  757       1       com.android.dx.dex.code.RopTranslator::access$200 (5 bytes)
Event: 2.027 Thread 0x00000000155aa800 nmethod 757 0x0000000003177510 code [0x0000000003177660, 0x0000000003177750]
Event: 2.027 Thread 0x00000000155aa800  761       3       com.android.dx.ssa.SCCP::simulateBlock (54 bytes)
Event: 2.027 Thread 0x00000000155aa800 nmethod 761 0x00000000031777d0 code [0x00000000031779c0, 0x0000000003178308]
Event: 2.028 Thread 0x00000000155aa800  762       3       com.android.dx.ssa.SsaMethod::computeReachability (131 bytes)
Event: 2.029 Thread 0x00000000155aa800 nmethod 762 0x00000000031786d0 code [0x0000000003178a80, 0x000000000317ab08]
Event: 2.029 Thread 0x00000000155aa800  765       3       com.android.dx.ssa.back.LivenessAnalyzer::run (231 bytes)
Event: 2.030 Thread 0x00000000155aa800 nmethod 765 0x000000000317bfd0 code [0x000000000317c2e0, 0x000000000317d9a8]
Event: 2.030 Thread 0x00000000155aa800  776       3       com.android.dx.rop.code.LocalVariableExtractor::processBlock (327 bytes)
Event: 2.032 Thread 0x00000000155aa800 


GC Heap History (0 events):
No events

Deoptimization events (5 events):
Event: 1.998 Thread 0x0000000016ffb000 Uncommon trap: reason=unstable_if action=reinterpret pc=0x000000000308ac70 method=java.util.BitSet.nextSetBit(I)I @ 87
Event: 2.006 Thread 0x0000000016ffb000 Uncommon trap: reason=class_check action=maybe_recompile pc=0x00000000030e88f0 method=com.android.dx.ssa.NormalSsaInsn.accept(Lcom/android/dx/ssa/SsaInsn$Visitor;)V @ 9
Event: 2.007 Thread 0x0000000016ffb000 Uncommon trap: reason=class_check action=maybe_recompile pc=0x00000000030e88f0 method=com.android.dx.ssa.NormalSsaInsn.accept(Lcom/android/dx/ssa/SsaInsn$Visitor;)V @ 9
Event: 2.007 Thread 0x0000000016ffb000 Uncommon trap: reason=class_check action=maybe_recompile pc=0x00000000030e88f0 method=com.android.dx.ssa.NormalSsaInsn.accept(Lcom/android/dx/ssa/SsaInsn$Visitor;)V @ 9
Event: 2.007 Thread 0x0000000016ffb000 Uncommon trap: reason=class_check action=maybe_recompile pc=0x00000000030e88f0 method=com.android.dx.ssa.NormalSsaInsn.accept(Lcom/android/dx/ssa/SsaInsn$Visitor;)V @ 9

Internal exceptions (2 events):
Event: 0.613 Thread 0x0000000002c7e000 Exception <a 'java/lang/NoSuchMethodError': Method sun.misc.Unsafe.defineClass(Ljava/lang/String;[BII)Ljava/lang/Class; name or signature does not match> (0x00000000eab0d1a8) thrown at [D:\re\puppet\workspace\8-2-build-windows-amd64-cygwin\jdk8u73\6086\hotìðf2 ã?
Event: 0.613 Thread 0x0000000002c7e000 Exception <a 'java/lang/NoSuchMethodError': Method sun.misc.Unsafe.prefetchRead(Ljava/lang/Object;J)V name or signature does not match> (0x00000000eab0d490) thrown at [D:\re\puppet\workspace\8-2-build-windows-amd64-cygwin\jdk8u73\6086\hotspot\src\share\vm\

Events (10 events):
Event: 2.006 Thread 0x0000000016ffb000 DEOPT UNPACKING pc=0x0000000002ec582a sp=0x000000001759e940 mode 2
Event: 2.007 Thread 0x0000000016ffb000 Uncommon trap: trap_request=0xffffffde fr.pc=0x00000000030e88f0
Event: 2.007 Thread 0x0000000016ffb000 DEOPT PACKING pc=0x00000000030e88f0 sp=0x000000001759e700
Event: 2.007 Thread 0x0000000016ffb000 DEOPT UNPACKING pc=0x0000000002ec582a sp=0x000000001759e690 mode 2
Event: 2.007 Thread 0x0000000016ffb000 Uncommon trap: trap_request=0xffffffde fr.pc=0x00000000030e88f0
Event: 2.007 Thread 0x0000000016ffb000 DEOPT PACKING pc=0x00000000030e88f0 sp=0x000000001759e610
Event: 2.007 Thread 0x0000000016ffb000 DEOPT UNPACKING pc=0x0000000002ec582a sp=0x000000001759e5a0 mode 2
Event: 2.007 Thread 0x0000000016ffb000 Uncommon trap: trap_request=0xffffffde fr.pc=0x00000000030e88f0
Event: 2.007 Thread 0x0000000016ffb000 DEOPT PACKING pc=0x00000000030e88f0 sp=0x000000001759e980
Event: 2.007 Thread 0x0000000016ffb000 DEOPT UNPACKING pc=0x0000000002ec582a sp=0x000000001759e910 mode 2


Dynamic libraries:
0x00007ff757bd0000 - 0x00007ff757c07000 	D:\jdk1.8.0_73\bin\java.exe
0x00007ffe61a50000 - 0x00007ffe61c11000 	C:\Windows\SYSTEM32\ntdll.dll
0x00007ffe5f6b0000 - 0x00007ffe5f75d000 	C:\Windows\system32\KERNEL32.DLL
0x00007ffe5ebb0000 - 0x00007ffe5ed98000 	C:\Windows\system32\KERNELBASE.dll
0x00007ffe61050000 - 0x00007ffe610f7000 	C:\Windows\system32\ADVAPI32.dll
0x00007ffe61100000 - 0x00007ffe6119d000 	C:\Windows\system32\msvcrt.dll
0x00007ffe61380000 - 0x00007ffe613db000 	C:\Windows\system32\sechost.dll
0x00007ffe615d0000 - 0x00007ffe616ec000 	C:\Windows\system32\RPCRT4.dll
0x00007ffe616f0000 - 0x00007ffe61846000 	C:\Windows\system32\USER32.dll
0x00007ffe5ef20000 - 0x00007ffe5f0a6000 	C:\Windows\system32\GDI32.dll
0x00007ffe542a0000 - 0x00007ffe54514000 	C:\Windows\WinSxS\amd64_microsoft.windows.common-controls_6595b64144ccf1df_6.0.10586.589_none_a2ddb3caa539acce\COMCTL32.dll
0x00007ffe5f800000 - 0x00007ffe5fa7d000 	C:\Windows\system32\combase.dll
0x00007ffe5e100000 - 0x00007ffe5e16a000 	C:\Windows\system32\bcryptPrimitives.dll
0x00007ffe61590000 - 0x00007ffe615cb000 	C:\Windows\system32\IMM32.DLL
0x00000000530c0000 - 0x0000000053192000 	D:\jdk1.8.0_73\jre\bin\msvcr100.dll
0x0000000053640000 - 0x0000000053ed0000 	D:\jdk1.8.0_73\jre\bin\server\jvm.dll
0x00007ffe5ef10000 - 0x00007ffe5ef18000 	C:\Windows\system32\PSAPI.DLL
0x00007ffe51090000 - 0x00007ffe51099000 	C:\Windows\SYSTEM32\WSOCK32.dll
0x00007ffe5fa80000 - 0x00007ffe5faeb000 	C:\Windows\system32\WS2_32.dll
0x00007ffe5c2f0000 - 0x00007ffe5c313000 	C:\Windows\SYSTEM32\WINMM.dll
0x00007ffe5a9b0000 - 0x00007ffe5a9ba000 	C:\Windows\SYSTEM32\VERSION.dll
0x00007ffe5c290000 - 0x00007ffe5c2bc000 	C:\Windows\SYSTEM32\WINMMBASE.dll
0x00007ffe5eb00000 - 0x00007ffe5eb43000 	C:\Windows\system32\cfgmgr32.dll
0x0000000053550000 - 0x000000005355f000 	D:\jdk1.8.0_73\jre\bin\verify.dll
0x0000000053520000 - 0x0000000053549000 	D:\jdk1.8.0_73\jre\bin\java.dll
0x0000000053500000 - 0x0000000053516000 	D:\jdk1.8.0_73\jre\bin\zip.dll
0x00007ffe5faf0000 - 0x00007ffe6104c000 	C:\Windows\system32\SHELL32.dll
0x00007ffe5e200000 - 0x00007ffe5e845000 	C:\Windows\system32\windows.storage.dll
0x00007ffe5f0b0000 - 0x00007ffe5f102000 	C:\Windows\system32\shlwapi.dll
0x00007ffe5e0e0000 - 0x00007ffe5e0ef000 	C:\Windows\system32\kernel.appcore.dll
0x00007ffe5e850000 - 0x00007ffe5e905000 	C:\Windows\system32\shcore.dll
0x00007ffe5e090000 - 0x00007ffe5e0db000 	C:\Windows\system32\powrprof.dll
0x00007ffe5e070000 - 0x00007ffe5e084000 	C:\Windows\system32\profapi.dll

VM Arguments:
jvm_args: -Dfile.encoding=UTF8 -Djava.awt.headless=true -Xmx1024M -Dfile.encoding=UTF-8 -Duser.country=HR -Duser.language=hr -Duser.variant 
java_command: com.android.dx.command.Main --dex --num-threads=4 --output C:\Users\Mihovil\Desktop\recENT\mob_app\recENT\app\build\intermediates\pre-dexed\debug\retrofit-2.1.0_726e7e1f986116f0541eb4430954aa62769e11d7.jar C:\Users\Mihovil\.gradle\caches\modules-2\files-2.1\com.squareup.retrofit2\retrofit\2.1.0\2de7cd8b95b7021b1d597f049bcb422055119f2c\retrofit-2.1.0.jar
java_class_path (initial): D:\Android\sdk\build-tools\24.0.0\lib\dx.jar
Launcher Type: SUN_STANDARD

Environment Variables:
JAVA_HOME=D:\jdk1.8.0_73
JRE_HOME=D:\jre1.8.0_73
JAVA_TOOL_OPTIONS=-Dfile.encoding=UTF8
PATH=C:\Windows\system32;C:\Windows;C:\Windows\System32\Wbem;C:\Windows\System32\WindowsPowerShell\v1.0\;C:\Program Files (x86)\ATI Technologies\ATI.ACE\Core-Static;D:\Git\cmd;C:\Program Files (x86)\Skype\Phone\;D:\wamp64\bin\php\php7.0.0;C:\ProgramData\ComposerSetup\bin;C:\Users\Mihovil\AppData\Roaming\Composer\vendor\bin
USERNAME=Mihovil
OS=Windows_NT
PROCESSOR_IDENTIFIER=Intel64 Family 6 Model 60 Stepping 3, GenuineIntel



---------------  S Y S T E M  ---------------

OS: Windows 10.0 , 64 bit Build 10586 (10.0.10586.589)

CPU:total 4 (4 cores per cpu, 1 threads per core) family 6 model 60 stepping 3, cmov, cx8, fxsr, mmx, sse, sse2, sse3, ssse3, sse4.1, sse4.2, popcnt, avx, avx2, aes, clmul, erms, lzcnt, tsc, tscinvbit, bmi1, bmi2

Memory: 4k page, physical 8325352k(1486664k free), swap 8325352k(4136k free)

vm_info: Java HotSpot(TM) 64-Bit Server VM (25.73-b02) for windows-amd64 JRE (1.8.0_73-b02), built on Jan 29 2016 17:38:49 by "java_re" with MS VC++ 10.0 (VS2010)

time: Sun Oct 30 08:41:01 2016
elapsed time: 2 seconds (0d 0h 0m 2s)

