#
# There is insufficient memory for the Java Runtime Environment to continue.
# Native memory allocation (malloc) failed to allocate 65552 bytes for Chunk::new
# Possible reasons:
#   The system is out of physical RAM or swap space
#   In 32 bit mode, the process size limit was hit
# Possible solutions:
#   Reduce memory load on the system
#   Increase physical memory or swap space
#   Check if swap backing store is full
#   Use 64 bit Java on a 64 bit OS
#   Decrease Java heap size (-Xmx/-Xms)
#   Decrease number of Java threads
#   Decrease Java thread stack sizes (-Xss)
#   Set larger code cache with -XX:ReservedCodeCacheSize=
# This output file may be truncated or incomplete.
#
#  Out of Memory Error (allocation.cpp:390), pid=7212, tid=2472
#
# JRE version: Java(TM) SE Runtime Environment (8.0_73-b02) (build 1.8.0_73-b02)
# Java VM: Java HotSpot(TM) 64-Bit Server VM (25.73-b02 mixed mode windows-amd64 compressed oops)
# Failed to write core dump. Minidumps are not enabled by default on client versions of Windows
#

---------------  T H R E A D  ---------------

Current thread (0x0000000014e57800):  JavaThread "C2 CompilerThread1" daemon [_thread_in_native, id=2472, stack(0x0000000016540000,0x0000000016640000)]

Stack: [0x0000000016540000,0x0000000016640000]
[error occurred during error reporting (printing stack bounds), id 0xc0000005]

Native frames: (J=compiled Java code, j=interpreted, Vv=VM code, C=native code)


Current CompileTask:
C2:   3698 1206       4       com.android.dx.ssa.SCCP::simulateStmt (481 bytes)


---------------  P R O C E S S  ---------------

Java Threads: ( => current thread )
  0x00000000169cd800 JavaThread "pool-1-thread-4" [_thread_blocked, id=4004, stack(0x0000000017940000,0x0000000017a40000)]
  0x00000000169cc800 JavaThread "pool-1-thread-3" [_thread_blocked, id=6848, stack(0x0000000017840000,0x0000000017940000)]
  0x0000000016985800 JavaThread "pool-1-thread-2" [_thread_blocked, id=6244, stack(0x0000000017740000,0x0000000017840000)]
  0x0000000016981800 JavaThread "pool-2-thread-1" [_thread_blocked, id=3948, stack(0x0000000017640000,0x0000000017740000)]
  0x00000000169e4800 JavaThread "pool-1-thread-1" [_thread_blocked, id=1476, stack(0x0000000017540000,0x0000000017640000)]
  0x0000000014e5d800 JavaThread "Service Thread" daemon [_thread_blocked, id=5180, stack(0x0000000016b40000,0x0000000016c40000)]
  0x0000000014e5a800 JavaThread "C1 CompilerThread2" daemon [_thread_blocked, id=3544, stack(0x0000000016640000,0x0000000016740000)]
=>0x0000000014e57800 JavaThread "C2 CompilerThread1" daemon [_thread_in_native, id=2472, stack(0x0000000016540000,0x0000000016640000)]
  0x0000000014dfa800 JavaThread "C2 CompilerThread0" daemon [_thread_in_native, id=6092, stack(0x0000000016440000,0x0000000016540000)]
  0x0000000014df8800 JavaThread "Attach Listener" daemon [_thread_blocked, id=740, stack(0x0000000016340000,0x0000000016440000)]
  0x0000000014df7800 JavaThread "Signal Dispatcher" daemon [_thread_blocked, id=5668, stack(0x0000000016240000,0x0000000016340000)]
  0x0000000002721000 JavaThread "Finalizer" daemon [_thread_blocked, id=7180, stack(0x0000000016060000,0x0000000016160000)]
  0x000000000271e000 JavaThread "Reference Handler" daemon [_thread_blocked, id=3668, stack(0x0000000015f60000,0x0000000016060000)]
  0x000000000235e000 JavaThread "main" [_thread_in_vm, id=2568, stack(0x0000000002430000,0x0000000002530000)]

Other Threads:
  0x0000000014dc7000 VMThread [stack: 0x0000000015e60000,0x0000000015f60000] [id=4240]
  0x0000000016743800 WatcherThread [stack: 0x0000000016c40000,0x0000000016d40000] [id=2440]

VM state:not at safepoint (normal execution)

VM Mutex/Monitor currently owned by a thread: None

Heap:
 PSYoungGen      total 38400K, used 10265K [0x00000000eab00000, 0x00000000ef600000, 0x0000000100000000)
  eden space 33280K, 15% used [0x00000000eab00000,0x00000000eb021800,0x00000000ecb80000)
  from space 5120K, 97% used [0x00000000ecb80000,0x00000000ed064d10,0x00000000ed080000)
  to   space 5120K, 0% used [0x00000000ef100000,0x00000000ef100000,0x00000000ef600000)
 ParOldGen       total 87552K, used 16K [0x00000000c0000000, 0x00000000c5580000, 0x00000000eab00000)
  object space 87552K, 0% used [0x00000000c0000000,0x00000000c0004000,0x00000000c5580000)
 Metaspace       used 5983K, capacity 6896K, committed 7040K, reserved 1056768K
  class space    used 597K, capacity 616K, committed 640K, reserved 1048576K

Card table byte_map: [0x0000000011af0000,0x0000000011d00000] byte_map_base: 0x00000000114f0000

Marking Bits: (ParMarkBitMap*) 0x0000000053e50600
 Begin Bits: [0x0000000012260000, 0x0000000013260000)
 End Bits:   [0x0000000013260000, 0x0000000014260000)

Polling page: 0x0000000002300000

CodeCache: size=245760Kb used=4716Kb max_used=4717Kb free=241043Kb
 bounds [0x0000000002730000, 0x0000000002bd0000, 0x0000000011730000]
 total_blobs=1477 nmethods=1206 adapters=182
 compilation: disabled (not enough contiguous free space left)

Compilation events (10 events):
Event: 3.689 Thread 0x0000000014e5a800 1202       3       com.android.dx.ssa.MoveParamCombiner$1::visitPhiInsn (1 bytes)
Event: 3.689 Thread 0x0000000014e5a800 nmethod 1202 0x0000000002bcde10 code [0x0000000002bcdf60, 0x0000000002bce0b0]
Event: 3.689 Thread 0x0000000014dfa800 

Event: 3.690 Thread 0x0000000014dfa800 1207       4       com.android.dx.ssa.SsaMethod$2::addToUses (48 bytes)
Event: 3.691 Thread 0x0000000014e5a800 1209       1       com.android.dx.ssa.PhiInsn::getOpcode (2 bytes)
Event: 3.691 Thread 0x0000000014e5a800 nmethod 1209 0x0000000002bbb090 code [0x0000000002bbb1e0, 0x0000000002bbb2f0]
Event: 3.692 Thread 0x0000000014e5a800 1210       3       com.android.dx.util.FixedSizeList::shrinkToFit (103 bytes)
Event: 3.692 Thread 0x0000000014e5a800 nmethod 1210 0x0000000002bce8d0 code [0x0000000002bcea80, 0x0000000002bcf308]
Event: 3.692 Thread 0x0000000014e5a800 1211       3       com.android.dx.util.LabeledList::rebuildLabelToIndex (46 bytes)
Event: 3.693 Thread 0x0000000014e5a800 


GC Heap History (2 events):
Event: 3.334 GC heap before
{Heap before GC invocations=1 (full 0):
 PSYoungGen      total 38400K, used 33280K [0x00000000eab00000, 0x00000000ed580000, 0x0000000100000000)
  eden space 33280K, 100% used [0x00000000eab00000,0x00000000ecb80000,0x00000000ecb80000)
  from space 5120K, 0% used [0x00000000ed080000,0x00000000ed080000,0x00000000ed580000)
  to   space 5120K, 0% used [0x00000000ecb80000,0x00000000ecb80000,0x00000000ed080000)
 ParOldGen       total 87552K, used 0K [0x00000000c0000000, 0x00000000c5580000, 0x00000000eab00000)
  object space 87552K, 0% used [0x00000000c0000000,0x00000000c0000000,0x00000000c5580000)
 Metaspace       used 5874K, capacity 6832K, committed 7040K, reserved 1056768K
  class space    used 597K, capacity 616K, committed 640K, reserved 1048576K
Event: 3.415 GC heap after
Heap after GC invocations=1 (full 0):
 PSYoungGen      total 38400K, used 5011K [0x00000000eab00000, 0x00000000ef600000, 0x0000000100000000)
  eden space 33280K, 0% used [0x00000000eab00000,0x00000000eab00000,0x00000000ecb80000)
  from space 5120K, 97% used [0x00000000ecb80000,0x00000000ed064d10,0x00000000ed080000)
  to   space 5120K, 0% used [0x00000000ef100000,0x00000000ef100000,0x00000000ef600000)
 ParOldGen       total 87552K, used 16K [0x00000000c0000000, 0x00000000c5580000, 0x00000000eab00000)
  object space 87552K, 0% used [0x00000000c0000000,0x00000000c0004000,0x00000000c5580000)
 Metaspace       used 5874K, capacity 6832K, committed 7040K, reserved 1056768K
  class space    used 597K, capacity 616K, committed 640K, reserved 1048576K
}

Deoptimization events (3 events):
Event: 1.271 Thread 0x000000000235e000 Uncommon trap: reason=unstable_if action=reinterpret pc=0x0000000002885194 method=java.lang.String.compareTo(Ljava/lang/String;)I @ 38
Event: 2.177 Thread 0x00000000169e4800 Uncommon trap: reason=unstable_if action=reinterpret pc=0x0000000002961524 method=java.util.HashMap.getNode(ILjava/lang/Object;)Ljava/util/HashMap$Node; @ 129
Event: 3.244 Thread 0x000000000235e000 Uncommon trap: reason=unstable_if action=reinterpret pc=0x00000000029adf30 method=java.util.BitSet.nextSetBit(I)I @ 87

Internal exceptions (2 events):
Event: 0.530 Thread 0x000000000235e000 Exception <a 'java/lang/NoSuchMethodError': Method sun.misc.Unsafe.defineClass(Ljava/lang/String;[BII)Ljava/lang/Class; name or signature does not match> (0x00000000eab0d1c0) thrown at [D:\re\puppet\workspace\8-2-build-windows-amd64-cygwin\jdk8u73\6086\hotkÏêÜ©¯‡?
Event: 0.530 Thread 0x000000000235e000 Exception <a 'java/lang/NoSuchMethodError': Method sun.misc.Unsafe.prefetchRead(Ljava/lang/Object;J)V name or signature does not match> (0x00000000eab0d4a8) thrown at [D:\re\puppet\workspace\8-2-build-windows-amd64-cygwin\jdk8u73\6086\hotspot\src\share\vm\

Events (10 events):
Event: 3.244 Thread 0x000000000235e000 DEOPT PACKING pc=0x00000000029adf30 sp=0x000000000252e780
Event: 3.244 Thread 0x000000000235e000 DEOPT UNPACKING pc=0x000000000277582a sp=0x000000000252e718 mode 2
Event: 3.270 Executing VM operation: ParallelGCFailedAllocation
Event: 3.415 Executing VM operation: ParallelGCFailedAllocation done
Event: 3.683 Thread 0x000000000235e000 DEOPT PACKING pc=0x0000000002a87002 sp=0x000000000252e4f0
Event: 3.683 Thread 0x000000000235e000 DEOPT UNPACKING pc=0x000000000277787f sp=0x000000000252e258 mode 0
Event: 3.684 Thread 0x000000000235e000 DEOPT PACKING pc=0x0000000002a87002 sp=0x000000000252e4f0
Event: 3.684 Thread 0x000000000235e000 DEOPT UNPACKING pc=0x000000000277787f sp=0x000000000252e258 mode 0
Event: 3.686 Thread 0x000000000235e000 DEOPT PACKING pc=0x0000000002a87002 sp=0x000000000252e4f0
Event: 3.686 Thread 0x000000000235e000 DEOPT UNPACKING pc=0x000000000277787f sp=0x000000000252e258 mode 0


Dynamic libraries:
0x00007ff797cf0000 - 0x00007ff797d27000 	D:\jdk1.8.0_73\bin\java.exe
0x00007ffe61a50000 - 0x00007ffe61c11000 	C:\Windows\SYSTEM32\ntdll.dll
0x00007ffe5f6b0000 - 0x00007ffe5f75d000 	C:\Windows\system32\KERNEL32.DLL
0x00007ffe5ebb0000 - 0x00007ffe5ed98000 	C:\Windows\system32\KERNELBASE.dll
0x00007ffe61050000 - 0x00007ffe610f7000 	C:\Windows\system32\ADVAPI32.dll
0x00007ffe61100000 - 0x00007ffe6119d000 	C:\Windows\system32\msvcrt.dll
0x00007ffe61380000 - 0x00007ffe613db000 	C:\Windows\system32\sechost.dll
0x00007ffe615d0000 - 0x00007ffe616ec000 	C:\Windows\system32\RPCRT4.dll
0x00007ffe616f0000 - 0x00007ffe61846000 	C:\Windows\system32\USER32.dll
0x00007ffe5ef20000 - 0x00007ffe5f0a6000 	C:\Windows\system32\GDI32.dll
0x00007ffe542a0000 - 0x00007ffe54514000 	C:\Windows\WinSxS\amd64_microsoft.windows.common-controls_6595b64144ccf1df_6.0.10586.589_none_a2ddb3caa539acce\COMCTL32.dll
0x00007ffe5f800000 - 0x00007ffe5fa7d000 	C:\Windows\system32\combase.dll
0x00007ffe5e100000 - 0x00007ffe5e16a000 	C:\Windows\system32\bcryptPrimitives.dll
0x00007ffe61590000 - 0x00007ffe615cb000 	C:\Windows\system32\IMM32.DLL
0x00000000530c0000 - 0x0000000053192000 	D:\jdk1.8.0_73\jre\bin\msvcr100.dll
0x0000000053640000 - 0x0000000053ed0000 	D:\jdk1.8.0_73\jre\bin\server\jvm.dll
0x00007ffe5ef10000 - 0x00007ffe5ef18000 	C:\Windows\system32\PSAPI.DLL
0x00007ffe51090000 - 0x00007ffe51099000 	C:\Windows\SYSTEM32\WSOCK32.dll
0x00007ffe5fa80000 - 0x00007ffe5faeb000 	C:\Windows\system32\WS2_32.dll
0x00007ffe5c2f0000 - 0x00007ffe5c313000 	C:\Windows\SYSTEM32\WINMM.dll
0x00007ffe5a9b0000 - 0x00007ffe5a9ba000 	C:\Windows\SYSTEM32\VERSION.dll
0x00007ffe5c290000 - 0x00007ffe5c2bc000 	C:\Windows\SYSTEM32\WINMMBASE.dll
0x00007ffe5eb00000 - 0x00007ffe5eb43000 	C:\Windows\system32\cfgmgr32.dll
0x0000000053550000 - 0x000000005355f000 	D:\jdk1.8.0_73\jre\bin\verify.dll
0x0000000053520000 - 0x0000000053549000 	D:\jdk1.8.0_73\jre\bin\java.dll
0x0000000053500000 - 0x0000000053516000 	D:\jdk1.8.0_73\jre\bin\zip.dll
0x00007ffe5faf0000 - 0x00007ffe6104c000 	C:\Windows\system32\SHELL32.dll
0x00007ffe5e200000 - 0x00007ffe5e845000 	C:\Windows\system32\windows.storage.dll
0x00007ffe5f0b0000 - 0x00007ffe5f102000 	C:\Windows\system32\shlwapi.dll
0x00007ffe5e0e0000 - 0x00007ffe5e0ef000 	C:\Windows\system32\kernel.appcore.dll
0x00007ffe5e850000 - 0x00007ffe5e905000 	C:\Windows\system32\shcore.dll
0x00007ffe5e090000 - 0x00007ffe5e0db000 	C:\Windows\system32\powrprof.dll
0x00007ffe5e070000 - 0x00007ffe5e084000 	C:\Windows\system32\profapi.dll

VM Arguments:
jvm_args: -Dfile.encoding=UTF8 -Djava.awt.headless=true -Xmx1024M -Dfile.encoding=UTF-8 -Duser.country=HR -Duser.language=hr -Duser.variant 
java_command: com.android.dx.command.Main --dex --num-threads=4 --output C:\Users\Mihovil\Desktop\recENT\mob_app\recENT\app\build\intermediates\pre-dexed\debug\com.android.support-support-v4-23.4.0_fb2ce6af9e59c8e518ded05c4074fac8c88173a9.jar C:\Users\Mihovil\Desktop\recENT\mob_app\recENT\app\build\intermediates\exploded-aar\com.android.support\support-v4\23.4.0\jars\classes.jar
java_class_path (initial): D:\Android\sdk\build-tools\24.0.0\lib\dx.jar
Launcher Type: SUN_STANDARD

Environment Variables:
JAVA_HOME=D:\jdk1.8.0_73
JRE_HOME=D:\jre1.8.0_73
JAVA_TOOL_OPTIONS=-Dfile.encoding=UTF8
PATH=C:\Windows\system32;C:\Windows;C:\Windows\System32\Wbem;C:\Windows\System32\WindowsPowerShell\v1.0\;C:\Program Files (x86)\ATI Technologies\ATI.ACE\Core-Static;D:\Git\cmd;C:\Program Files (x86)\Skype\Phone\;D:\wamp64\bin\php\php7.0.0;C:\ProgramData\ComposerSetup\bin;C:\Users\Mihovil\AppData\Roaming\Composer\vendor\bin
USERNAME=Mihovil
OS=Windows_NT
PROCESSOR_IDENTIFIER=Intel64 Family 6 Model 60 Stepping 3, GenuineIntel



---------------  S Y S T E M  ---------------

OS: Windows 10.0 , 64 bit Build 10586 (10.0.10586.589)

CPU:total 4 (4 cores per cpu, 1 threads per core) family 6 model 60 stepping 3, cmov, cx8, fxsr, mmx, sse, sse2, sse3, ssse3, sse4.1, sse4.2, popcnt, avx, avx2, aes, clmul, erms, lzcnt, tsc, tscinvbit, bmi1, bmi2

Memory: 4k page, physical 8325352k(1532152k free), swap 8325352k(5132k free)

vm_info: Java HotSpot(TM) 64-Bit Server VM (25.73-b02) for windows-amd64 JRE (1.8.0_73-b02), built on Jan 29 2016 17:38:49 by "java_re" with MS VC++ 10.0 (VS2010)

time: Sat Oct 29 17:59:02 2016
elapsed time: 3 seconds (0d 0h 0m 3s)

