#
# There is insufficient memory for the Java Runtime Environment to continue.
# Native memory allocation (malloc) failed to allocate 1609776 bytes for Chunk::new
# Possible reasons:
#   The system is out of physical RAM or swap space
#   In 32 bit mode, the process size limit was hit
# Possible solutions:
#   Reduce memory load on the system
#   Increase physical memory or swap space
#   Check if swap backing store is full
#   Use 64 bit Java on a 64 bit OS
#   Decrease Java heap size (-Xmx/-Xms)
#   Decrease number of Java threads
#   Decrease Java thread stack sizes (-Xss)
#   Set larger code cache with -XX:ReservedCodeCacheSize=
# This output file may be truncated or incomplete.
#
#  Out of Memory Error (allocation.cpp:390), pid=5412, tid=1300
#
# JRE version: Java(TM) SE Runtime Environment (8.0_73-b02) (build 1.8.0_73-b02)
# Java VM: Java HotSpot(TM) 64-Bit Server VM (25.73-b02 mixed mode windows-amd64 compressed oops)
# Failed to write core dump. Minidumps are not enabled by default on client versions of Windows
#

---------------  T H R E A D  ---------------

Current thread (0x0000000014acc000):  JavaThread "C2 CompilerThread1" daemon [_thread_in_native, id=1300, stack(0x00000000161a0000,0x00000000162a0000)]

Stack: [0x00000000161a0000,0x00000000162a0000]
[error occurred during error reporting (printing stack bounds), id 0xc0000005]

Native frames: (J=compiled Java code, j=interpreted, Vv=VM code, C=native code)


Current CompileTask:
C2:   5337 2009   !   4       com.android.dx.cf.code.RopperMachine::run (1550 bytes)


---------------  P R O C E S S  ---------------

Java Threads: ( => current thread )
  0x0000000016577800 JavaThread "pool-1-thread-4" [_thread_in_Java, id=7360, stack(0x00000000175a0000,0x00000000176a0000)]
  0x0000000016577000 JavaThread "pool-1-thread-3" [_thread_in_Java, id=6064, stack(0x00000000174a0000,0x00000000175a0000)]
  0x00000000165f0800 JavaThread "pool-1-thread-2" [_thread_in_Java, id=9852, stack(0x00000000173a0000,0x00000000174a0000)]
  0x00000000165ef800 JavaThread "pool-2-thread-1" [_thread_blocked, id=9896, stack(0x00000000172a0000,0x00000000173a0000)]
  0x0000000016698000 JavaThread "pool-1-thread-1" [_thread_in_Java, id=8168, stack(0x00000000171a0000,0x00000000172a0000)]
  0x00000000162a5000 JavaThread "Service Thread" daemon [_thread_blocked, id=10988, stack(0x00000000167a0000,0x00000000168a0000)]
  0x00000000162a0800 JavaThread "C1 CompilerThread2" daemon [_thread_blocked, id=7288, stack(0x00000000166a0000,0x00000000167a0000)]
=>0x0000000014acc000 JavaThread "C2 CompilerThread1" daemon [_thread_in_native, id=1300, stack(0x00000000161a0000,0x00000000162a0000)]
  0x0000000014a69800 JavaThread "C2 CompilerThread0" daemon [_thread_in_native, id=1720, stack(0x00000000160a0000,0x00000000161a0000)]
  0x0000000014a67800 JavaThread "Attach Listener" daemon [_thread_blocked, id=8588, stack(0x0000000015fa0000,0x00000000160a0000)]
  0x0000000014a67000 JavaThread "Signal Dispatcher" daemon [_thread_blocked, id=10836, stack(0x0000000015ea0000,0x0000000015fa0000)]
  0x0000000002391000 JavaThread "Finalizer" daemon [_thread_blocked, id=4060, stack(0x0000000015cc0000,0x0000000015dc0000)]
  0x000000000238e000 JavaThread "Reference Handler" daemon [_thread_blocked, id=10764, stack(0x0000000015bc0000,0x0000000015cc0000)]
  0x000000000204e000 JavaThread "main" [_thread_in_Java, id=9320, stack(0x00000000021a0000,0x00000000022a0000)]

Other Threads:
  0x0000000014a37000 VMThread [stack: 0x0000000015ac0000,0x0000000015bc0000] [id=6288]
  0x00000000162c1800 WatcherThread [stack: 0x00000000168a0000,0x00000000169a0000] [id=8528]

VM state:not at safepoint (normal execution)

VM Mutex/Monitor currently owned by a thread: None

Heap:
 PSYoungGen      total 292864K, used 83505K [0x00000000eab00000, 0x0000000100000000, 0x0000000100000000)
  eden space 251392K, 20% used [0x00000000eab00000,0x00000000edd9dd60,0x00000000fa080000)
  from space 41472K, 76% used [0x00000000fa080000,0x00000000fbf6e6a0,0x00000000fc900000)
  to   space 56320K, 0% used [0x00000000fc900000,0x00000000fc900000,0x0000000100000000)
 ParOldGen       total 87552K, used 87349K [0x00000000c0000000, 0x00000000c5580000, 0x00000000eab00000)
  object space 87552K, 99% used [0x00000000c0000000,0x00000000c554d478,0x00000000c5580000)
 Metaspace       used 6546K, capacity 7256K, committed 7424K, reserved 1056768K
  class space    used 621K, capacity 656K, committed 768K, reserved 1048576K

Card table byte_map: [0x0000000011760000,0x0000000011970000] byte_map_base: 0x0000000011160000

Marking Bits: (ParMarkBitMap*) 0x0000000053e50600
 Begin Bits: [0x0000000011ed0000, 0x0000000012ed0000)
 End Bits:   [0x0000000012ed0000, 0x0000000013ed0000)

Polling page: 0x0000000001ff0000

CodeCache: size=245760Kb used=9359Kb max_used=9359Kb free=236401Kb
 bounds [0x00000000023a0000, 0x0000000002ce0000, 0x00000000113a0000]
 total_blobs=2360 nmethods=2090 adapters=182
 compilation: enabled

Compilation events (10 events):
Event: 5.199 Thread 0x00000000162a0800 2177       2       com.android.dx.cf.code.BytecodeArray$BaseVisitor::<init> (10 bytes)
Event: 5.199 Thread 0x00000000162a0800 nmethod 2177 0x0000000002c75ad0 code [0x0000000002c75c20, 0x0000000002c75d70]
Event: 5.199 Thread 0x00000000162a0800 2178       2       com.android.dx.cf.code.BytecodeArray::parseNewarray (594 bytes)
Event: 5.201 Thread 0x00000000162a0800 nmethod 2178 0x0000000002c7c650 code [0x0000000002c7c8e0, 0x0000000002c7d7a8]
Event: 5.201 Thread 0x00000000162a0800 2179       1       com.android.dx.cf.code.Simulator$SimVisitor::getPreviousOffset (5 bytes)
Event: 5.201 Thread 0x00000000162a0800 nmethod 2179 0x0000000002c75810 code [0x0000000002c75960, 0x0000000002c75a70]
Event: 5.202 Thread 0x00000000162a0800 2180   !   2       com.android.dx.cf.code.BytecodeArray::parseInstruction (2764 bytes)
Event: 5.209 Thread 0x00000000162a0800 nmethod 2180 0x0000000002cbd290 code [0x0000000002cbe1c0, 0x0000000002cc46e8]
Event: 5.242 Thread 0x00000000162a0800 2183       2       com.android.dx.rop.cst.CstFloat::getType (4 bytes)
Event: 5.242 Thread 0x00000000162a0800 nmethod 2183 0x0000000002c7c310 code [0x0000000002c7c460, 0x0000000002c7c5b0]

GC Heap History (10 events):
Event: 2.103 GC heap before
{Heap before GC invocations=6 (full 0):
 PSYoungGen      total 71680K, used 71675K [0x00000000eab00000, 0x00000000f4f00000, 0x0000000100000000)
  eden space 66560K, 100% used [0x00000000eab00000,0x00000000eec00000,0x00000000eec00000)
  from space 5120K, 99% used [0x00000000eec00000,0x00000000ef0feed8,0x00000000ef100000)
  to   space 17408K, 0% used [0x00000000f3e00000,0x00000000f3e00000,0x00000000f4f00000)
 ParOldGen       total 87552K, used 23668K [0x00000000c0000000, 0x00000000c5580000, 0x00000000eab00000)
  object space 87552K, 27% used [0x00000000c0000000,0x00000000c171d3d0,0x00000000c5580000)
 Metaspace       used 6502K, capacity 7256K, committed 7424K, reserved 1056768K
  class space    used 620K, capacity 656K, committed 768K, reserved 1048576K
Event: 2.132 GC heap after
Heap after GC invocations=6 (full 0):
 PSYoungGen      total 147968K, used 15815K [0x00000000eab00000, 0x00000000f5400000, 0x0000000100000000)
  eden space 130560K, 0% used [0x00000000eab00000,0x00000000eab00000,0x00000000f2a80000)
  from space 17408K, 90% used [0x00000000f3e00000,0x00000000f4d71e00,0x00000000f4f00000)
  to   space 19968K, 0% used [0x00000000f2a80000,0x00000000f2a80000,0x00000000f3e00000)
 ParOldGen       total 87552K, used 23668K [0x00000000c0000000, 0x00000000c5580000, 0x00000000eab00000)
  object space 87552K, 27% used [0x00000000c0000000,0x00000000c171d3d0,0x00000000c5580000)
 Metaspace       used 6502K, capacity 7256K, committed 7424K, reserved 1056768K
  class space    used 620K, capacity 656K, committed 768K, reserved 1048576K
}
Event: 2.493 GC heap before
{Heap before GC invocations=7 (full 0):
 PSYoungGen      total 147968K, used 146375K [0x00000000eab00000, 0x00000000f5400000, 0x0000000100000000)
  eden space 130560K, 100% used [0x00000000eab00000,0x00000000f2a80000,0x00000000f2a80000)
  from space 17408K, 90% used [0x00000000f3e00000,0x00000000f4d71e00,0x00000000f4f00000)
  to   space 19968K, 0% used [0x00000000f2a80000,0x00000000f2a80000,0x00000000f3e00000)
 ParOldGen       total 87552K, used 23668K [0x00000000c0000000, 0x00000000c5580000, 0x00000000eab00000)
  object space 87552K, 27% used [0x00000000c0000000,0x00000000c171d3d0,0x00000000c5580000)
 Metaspace       used 6518K, capacity 7256K, committed 7424K, reserved 1056768K
  class space    used 620K, capacity 656K, committed 768K, reserved 1048576K
Event: 2.555 GC heap after
Heap after GC invocations=7 (full 0):
 PSYoungGen      total 150528K, used 19964K [0x00000000eab00000, 0x00000000fe800000, 0x0000000100000000)
  eden space 130560K, 0% used [0x00000000eab00000,0x00000000eab00000,0x00000000f2a80000)
  from space 19968K, 99% used [0x00000000f2a80000,0x00000000f3dff150,0x00000000f3e00000)
  to   space 31744K, 0% used [0x00000000fc900000,0x00000000fc900000,0x00000000fe800000)
 ParOldGen       total 87552K, used 40545K [0x00000000c0000000, 0x00000000c5580000, 0x00000000eab00000)
  object space 87552K, 46% used [0x00000000c0000000,0x00000000c2798408,0x00000000c5580000)
 Metaspace       used 6518K, capacity 7256K, committed 7424K, reserved 1056768K
  class space    used 620K, capacity 656K, committed 768K, reserved 1048576K
}
Event: 2.926 GC heap before
{Heap before GC invocations=8 (full 0):
 PSYoungGen      total 150528K, used 150524K [0x00000000eab00000, 0x00000000fe800000, 0x0000000100000000)
  eden space 130560K, 100% used [0x00000000eab00000,0x00000000f2a80000,0x00000000f2a80000)
  from space 19968K, 99% used [0x00000000f2a80000,0x00000000f3dff150,0x00000000f3e00000)
  to   space 31744K, 0% used [0x00000000fc900000,0x00000000fc900000,0x00000000fe800000)
 ParOldGen       total 87552K, used 40545K [0x00000000c0000000, 0x00000000c5580000, 0x00000000eab00000)
  object space 87552K, 46% used [0x00000000c0000000,0x00000000c2798408,0x00000000c5580000)
 Metaspace       used 6520K, capacity 7256K, committed 7424K, reserved 1056768K
  class space    used 620K, capacity 656K, committed 768K, reserved 1048576K
Event: 2.969 GC heap after
Heap after GC invocations=8 (full 0):
 PSYoungGen      total 283136K, used 31721K [0x00000000eab00000, 0x00000000ffb00000, 0x0000000100000000)
  eden space 251392K, 0% used [0x00000000eab00000,0x00000000eab00000,0x00000000fa080000)
  from space 31744K, 99% used [0x00000000fc900000,0x00000000fe7fa4b0,0x00000000fe800000)
  to   space 41472K, 0% used [0x00000000fa080000,0x00000000fa080000,0x00000000fc900000)
 ParOldGen       total 87552K, used 50257K [0x00000000c0000000, 0x00000000c5580000, 0x00000000eab00000)
  object space 87552K, 57% used [0x00000000c0000000,0x00000000c31145a8,0x00000000c5580000)
 Metaspace       used 6520K, capacity 7256K, committed 7424K, reserved 1056768K
  class space    used 620K, capacity 656K, committed 768K, reserved 1048576K
}
Event: 3.756 GC heap before
{Heap before GC invocations=9 (full 0):
 PSYoungGen      total 283136K, used 283113K [0x00000000eab00000, 0x00000000ffb00000, 0x0000000100000000)
  eden space 251392K, 100% used [0x00000000eab00000,0x00000000fa080000,0x00000000fa080000)
  from space 31744K, 99% used [0x00000000fc900000,0x00000000fe7fa4b0,0x00000000fe800000)
  to   space 41472K, 0% used [0x00000000fa080000,0x00000000fa080000,0x00000000fc900000)
 ParOldGen       total 87552K, used 50257K [0x00000000c0000000, 0x00000000c5580000, 0x00000000eab00000)
  object space 87552K, 57% used [0x00000000c0000000,0x00000000c31145a8,0x00000000c5580000)
 Metaspace       used 6543K, capacity 7256K, committed 7424K, reserved 1056768K
  class space    used 621K, capacity 656K, committed 768K, reserved 1048576K
Event: 3.901 GC heap after
Heap after GC invocations=9 (full 0):
 PSYoungGen      total 292864K, used 41445K [0x00000000eab00000, 0x0000000100000000, 0x0000000100000000)
  eden space 251392K, 0% used [0x00000000eab00000,0x00000000eab00000,0x00000000fa080000)
  from space 41472K, 99% used [0x00000000fa080000,0x00000000fc8f9580,0x00000000fc900000)
  to   space 56320K, 0% used [0x00000000fc900000,0x00000000fc900000,0x0000000100000000)
 ParOldGen       total 87552K, used 82325K [0x00000000c0000000, 0x00000000c5580000, 0x00000000eab00000)
  object space 87552K, 94% used [0x00000000c0000000,0x00000000c5065770,0x00000000c5580000)
 Metaspace       used 6543K, capacity 7256K, committed 7424K, reserved 1056768K
  class space    used 621K, capacity 656K, committed 768K, reserved 1048576K
}
Event: 3.901 GC heap before
{Heap before GC invocations=10 (full 1):
 PSYoungGen      total 292864K, used 41445K [0x00000000eab00000, 0x0000000100000000, 0x0000000100000000)
  eden space 251392K, 0% used [0x00000000eab00000,0x00000000eab00000,0x00000000fa080000)
  from space 41472K, 99% used [0x00000000fa080000,0x00000000fc8f9580,0x00000000fc900000)
  to   space 56320K, 0% used [0x00000000fc900000,0x00000000fc900000,0x0000000100000000)
 ParOldGen       total 87552K, used 82325K [0x00000000c0000000, 0x00000000c5580000, 0x00000000eab00000)
  object space 87552K, 94% used [0x00000000c0000000,0x00000000c5065770,0x00000000c5580000)
 Metaspace       used 6543K, capacity 7256K, committed 7424K, reserved 1056768K
  class space    used 621K, capacity 656K, committed 768K, reserved 1048576K
Event: 5.068 GC heap after
Heap after GC invocations=10 (full 1):
 PSYoungGen      total 292864K, used 31673K [0x00000000eab00000, 0x0000000100000000, 0x0000000100000000)
  eden space 251392K, 0% used [0x00000000eab00000,0x00000000eab00000,0x00000000fa080000)
  from space 41472K, 76% used [0x00000000fa080000,0x00000000fbf6e6a0,0x00000000fc900000)
  to   space 56320K, 0% used [0x00000000fc900000,0x00000000fc900000,0x0000000100000000)
 ParOldGen       total 87552K, used 87349K [0x00000000c0000000, 0x00000000c5580000, 0x00000000eab00000)
  object space 87552K, 99% used [0x00000000c0000000,0x00000000c554d478,0x00000000c5580000)
 Metaspace       used 6543K, capacity 7256K, committed 7424K, reserved 1056768K
  class space    used 621K, capacity 656K, committed 768K, reserved 1048576K
}

Deoptimization events (10 events):
Event: 3.114 Thread 0x00000000165f0800 Uncommon trap: reason=unstable_if action=reinterpret pc=0x0000000002bfb6c8 method=com.android.dx.rop.code.LocalItem.compareHandlesNulls(Lcom/android/dx/rop/cst/CstString;Lcom/android/dx/rop/cst/CstString;)I @ 8
Event: 3.427 Thread 0x00000000165f0800 Uncommon trap: reason=bimorphic action=maybe_recompile pc=0x0000000002c3e0c0 method=com.android.dx.cf.code.BytecodeArray.parseInstruction(ILcom/android/dx/cf/code/BytecodeArray$Visitor;)I @ 2135
Event: 3.431 Thread 0x000000000204e000 Uncommon trap: reason=bimorphic action=maybe_recompile pc=0x0000000002c3e0c0 method=com.android.dx.cf.code.BytecodeArray.parseInstruction(ILcom/android/dx/cf/code/BytecodeArray$Visitor;)I @ 2135
Event: 3.542 Thread 0x0000000016577800 Uncommon trap: reason=unstable_if action=reinterpret pc=0x0000000002a27914 method=com.android.dx.ssa.MoveParamCombiner$1.visitNonMoveInsn(Lcom/android/dx/ssa/NormalSsaInsn;)V @ 27
Event: 3.565 Thread 0x00000000165f0800 Uncommon trap: reason=unstable_if action=reinterpret pc=0x00000000027a9d24 method=com.android.dx.dex.code.OutputFinisher.hasLocalInfo(Lcom/android/dx/dex/code/DalvInsn;)Z @ 24
Event: 3.593 Thread 0x0000000016577000 Uncommon trap: reason=unstable_if action=reinterpret pc=0x000000000284005c method=com.android.dx.ssa.SsaMethod.updateOneDefinition(Lcom/android/dx/ssa/SsaInsn;Lcom/android/dx/rop/code/RegisterSpec;)V @ 4
Event: 3.652 Thread 0x0000000016577800 Uncommon trap: reason=unstable_if action=reinterpret pc=0x0000000002765850 method=com.android.dx.rop.code.RegisterSpec.equals(ILcom/android/dx/rop/type/TypeBearer;Lcom/android/dx/rop/code/LocalItem;)Z @ 31
Event: 3.724 Thread 0x0000000016577800 Uncommon trap: reason=unstable_if action=reinterpret pc=0x000000000277e958 method=com.android.dx.rop.code.RegisterSpec.equals(ILcom/android/dx/rop/type/TypeBearer;Lcom/android/dx/rop/code/LocalItem;)Z @ 31
Event: 5.202 Thread 0x0000000016577800 Uncommon trap: reason=bimorphic action=maybe_recompile pc=0x0000000002c9ef94 method=com.android.dx.cf.code.BytecodeArray.parseInstruction(ILcom/android/dx/cf/code/BytecodeArray$Visitor;)I @ 1161
Event: 5.202 Thread 0x0000000016577800 Uncommon trap: reason=bimorphic action=maybe_recompile pc=0x0000000002c9ef94 method=com.android.dx.cf.code.BytecodeArray.parseInstruction(ILcom/android/dx/cf/code/BytecodeArray$Visitor;)I @ 1161

Internal exceptions (10 events):
Event: 0.106 Thread 0x000000000204e000 Exception <a 'java/lang/NoSuchMethodError': Method sun.misc.Unsafe.defineClass(Ljava/lang/String;[BII)Ljava/lang/Class; name or signature does not match> (0x00000000eab0d308) thrown at [D:\re\puppet\workspace\8-2-build-windows-amd64-cygwin\jdk8u73\6086\hotÛZ}}7»?
Event: 0.106 Thread 0x000000000204e000 Exception <a 'java/lang/NoSuchMethodError': Method sun.misc.Unsafe.prefetchRead(Ljava/lang/Object;J)V name or signature does not match> (0x00000000eab0d5f0) thrown at [D:\re\puppet\workspace\8-2-build-windows-amd64-cygwin\jdk8u73\6086\hotspot\src\share\vm\)‘šißö?
Event: 1.430 Thread 0x0000000016577000 Implicit null exception at 0x00000000027028e2 to 0x00000000027029da
Event: 1.508 Thread 0x000000000204e000 Exception <a 'java/lang/ArrayIndexOutOfBoundsException': 18> (0x00000000eb14a780) thrown at [D:\re\puppet\workspace\8-2-build-windows-amd64-cygwin\jdk8u73\6086\hotspot\src\share\vm\interpreter\interpreterRuntime.cpp, line 366]
Event: 1.508 Thread 0x000000000204e000 Exception <a 'java/lang/ArrayIndexOutOfBoundsException': 145> (0x00000000eb14c300) thrown at [D:\re\puppet\workspace\8-2-build-windows-amd64-cygwin\jdk8u73\6086\hotspot\src\share\vm\interpreter\interpreterRuntime.cpp, line 366]
Event: 1.508 Thread 0x000000000204e000 Exception <a 'java/lang/ArrayIndexOutOfBoundsException': 40> (0x00000000eb14d5e8) thrown at [D:\re\puppet\workspace\8-2-build-windows-amd64-cygwin\jdk8u73\6086\hotspot\src\share\vm\interpreter\interpreterRuntime.cpp, line 366]
Event: 2.293 Thread 0x00000000165f0800 Implicit null exception at 0x0000000002a39dce to 0x0000000002a3b7cd
Event: 3.114 Thread 0x00000000165f0800 Implicit null exception at 0x0000000002bf7450 to 0x0000000002bfb67d
Event: 3.652 Thread 0x0000000016577800 Implicit null exception at 0x0000000002765346 to 0x0000000002765825
Event: 3.724 Thread 0x0000000016577800 Implicit null exception at 0x000000000277e4af to 0x000000000277e929

Events (10 events):
Event: 3.756 Executing VM operation: ParallelGCFailedAllocation
Event: 5.068 Executing VM operation: ParallelGCFailedAllocation done
Event: 5.196 Thread 0x0000000016577800 DEOPT PACKING pc=0x00000000029de9f9 sp=0x000000001769e4e0
Event: 5.196 Thread 0x0000000016577800 DEOPT UNPACKING pc=0x00000000023e787f sp=0x000000001769e298 mode 0
Event: 5.202 Thread 0x0000000016577800 Uncommon trap: trap_request=0xffffffc6 fr.pc=0x0000000002c9ef94
Event: 5.202 Thread 0x0000000016577800 DEOPT PACKING pc=0x0000000002c9ef94 sp=0x000000001769e2c0
Event: 5.202 Thread 0x0000000016577800 DEOPT UNPACKING pc=0x00000000023e582a sp=0x000000001769e298 mode 2
Event: 5.202 Thread 0x0000000016577800 Uncommon trap: trap_request=0xffffffc6 fr.pc=0x0000000002c9ef94
Event: 5.202 Thread 0x0000000016577800 DEOPT PACKING pc=0x0000000002c9ef94 sp=0x000000001769e0b0
Event: 5.202 Thread 0x0000000016577800 DEOPT UNPACKING pc=0x00000000023e582a sp=0x000000001769e070 mode 2


Dynamic libraries:
0x00007ff757bd0000 - 0x00007ff757c07000 	D:\jdk1.8.0_73\bin\java.exe
0x00007ffe61a50000 - 0x00007ffe61c11000 	C:\Windows\SYSTEM32\ntdll.dll
0x00007ffe5f6b0000 - 0x00007ffe5f75d000 	C:\Windows\system32\KERNEL32.DLL
0x00007ffe5ebb0000 - 0x00007ffe5ed98000 	C:\Windows\system32\KERNELBASE.dll
0x00007ffe61050000 - 0x00007ffe610f7000 	C:\Windows\system32\ADVAPI32.dll
0x00007ffe61100000 - 0x00007ffe6119d000 	C:\Windows\system32\msvcrt.dll
0x00007ffe61380000 - 0x00007ffe613db000 	C:\Windows\system32\sechost.dll
0x00007ffe615d0000 - 0x00007ffe616ec000 	C:\Windows\system32\RPCRT4.dll
0x00007ffe616f0000 - 0x00007ffe61846000 	C:\Windows\system32\USER32.dll
0x00007ffe5ef20000 - 0x00007ffe5f0a6000 	C:\Windows\system32\GDI32.dll
0x00007ffe542a0000 - 0x00007ffe54514000 	C:\Windows\WinSxS\amd64_microsoft.windows.common-controls_6595b64144ccf1df_6.0.10586.589_none_a2ddb3caa539acce\COMCTL32.dll
0x00007ffe5f800000 - 0x00007ffe5fa7d000 	C:\Windows\system32\combase.dll
0x00007ffe5e100000 - 0x00007ffe5e16a000 	C:\Windows\system32\bcryptPrimitives.dll
0x00007ffe61590000 - 0x00007ffe615cb000 	C:\Windows\system32\IMM32.DLL
0x00000000530c0000 - 0x0000000053192000 	D:\jdk1.8.0_73\jre\bin\msvcr100.dll
0x0000000053640000 - 0x0000000053ed0000 	D:\jdk1.8.0_73\jre\bin\server\jvm.dll
0x00007ffe5ef10000 - 0x00007ffe5ef18000 	C:\Windows\system32\PSAPI.DLL
0x00007ffe51090000 - 0x00007ffe51099000 	C:\Windows\SYSTEM32\WSOCK32.dll
0x00007ffe5fa80000 - 0x00007ffe5faeb000 	C:\Windows\system32\WS2_32.dll
0x00007ffe5c2f0000 - 0x00007ffe5c313000 	C:\Windows\SYSTEM32\WINMM.dll
0x00007ffe5a9b0000 - 0x00007ffe5a9ba000 	C:\Windows\SYSTEM32\VERSION.dll
0x00007ffe5c290000 - 0x00007ffe5c2bc000 	C:\Windows\SYSTEM32\WINMMBASE.dll
0x00007ffe5eb00000 - 0x00007ffe5eb43000 	C:\Windows\system32\cfgmgr32.dll
0x0000000053550000 - 0x000000005355f000 	D:\jdk1.8.0_73\jre\bin\verify.dll
0x0000000053520000 - 0x0000000053549000 	D:\jdk1.8.0_73\jre\bin\java.dll
0x0000000053500000 - 0x0000000053516000 	D:\jdk1.8.0_73\jre\bin\zip.dll
0x00007ffe5faf0000 - 0x00007ffe6104c000 	C:\Windows\system32\SHELL32.dll
0x00007ffe5e200000 - 0x00007ffe5e845000 	C:\Windows\system32\windows.storage.dll
0x00007ffe5f0b0000 - 0x00007ffe5f102000 	C:\Windows\system32\shlwapi.dll
0x00007ffe5e0e0000 - 0x00007ffe5e0ef000 	C:\Windows\system32\kernel.appcore.dll
0x00007ffe5e850000 - 0x00007ffe5e905000 	C:\Windows\system32\shcore.dll
0x00007ffe5e090000 - 0x00007ffe5e0db000 	C:\Windows\system32\powrprof.dll
0x00007ffe5e070000 - 0x00007ffe5e084000 	C:\Windows\system32\profapi.dll

VM Arguments:
jvm_args: -Dfile.encoding=UTF8 -Djava.awt.headless=true -Xmx1024M -Dfile.encoding=UTF-8 -Duser.country=HR -Duser.language=hr -Duser.variant 
java_command: com.android.dx.command.Main --dex --num-threads=4 --output C:\Users\Mihovil\Desktop\recENT\mob_app\recENT\app\build\intermediates\pre-dexed\debug\guava-20.0_723a884c2609b5513f949834d1b2e34580099b3d.jar C:\Users\Mihovil\.gradle\caches\modules-2\files-2.1\com.google.guava\guava\20.0\89507701249388e1ed5ddcf8c41f4ce1be7831ef\guava-20.0.jar
java_class_path (initial): D:\Android\sdk\build-tools\24.0.0\lib\dx.jar
Launcher Type: SUN_STANDARD

Environment Variables:
JAVA_HOME=D:\jdk1.8.0_73
JRE_HOME=D:\jre1.8.0_73
JAVA_TOOL_OPTIONS=-Dfile.encoding=UTF8
PATH=C:\Windows\system32;C:\Windows;C:\Windows\System32\Wbem;C:\Windows\System32\WindowsPowerShell\v1.0\;C:\Program Files (x86)\ATI Technologies\ATI.ACE\Core-Static;D:\Git\cmd;C:\Program Files (x86)\Skype\Phone\;D:\wamp64\bin\php\php7.0.0;C:\ProgramData\ComposerSetup\bin;C:\Users\Mihovil\AppData\Roaming\Composer\vendor\bin
USERNAME=Mihovil
OS=Windows_NT
PROCESSOR_IDENTIFIER=Intel64 Family 6 Model 60 Stepping 3, GenuineIntel



---------------  S Y S T E M  ---------------

OS: Windows 10.0 , 64 bit Build 10586 (10.0.10586.589)

CPU:total 4 (4 cores per cpu, 1 threads per core) family 6 model 60 stepping 3, cmov, cx8, fxsr, mmx, sse, sse2, sse3, ssse3, sse4.1, sse4.2, popcnt, avx, avx2, aes, clmul, erms, lzcnt, tsc, tscinvbit, bmi1, bmi2

Memory: 4k page, physical 8325352k(1501088k free), swap 8325352k(6412k free)

vm_info: Java HotSpot(TM) 64-Bit Server VM (25.73-b02) for windows-amd64 JRE (1.8.0_73-b02), built on Jan 29 2016 17:38:49 by "java_re" with MS VC++ 10.0 (VS2010)

time: Sun Oct 30 08:41:02 2016
elapsed time: 5 seconds (0d 0h 0m 5s)

